get geometry
UsageType :35044
Access Type : 1
Sync :0
Slicing
4
byte offset : 0
byte stride : 24
Data >> x:29.9815,y:24.5702,z:0
Data >> x:29.9815,y:24.5702,z:10
Data >> x:30,y:25,z:0
Data >> x:30,y:25,z:0
Data >> x:29.9815,y:24.5702,z:10
Data >> x:30,y:25,z:10
Data >> x:30,y:25,z:0
Data >> x:30,y:25,z:10
Data >> x:29.9815,y:25.4298,z:0
Data >> x:29.9815,y:25.4298,z:0
Data >> x:30,y:25,z:10
Data >> x:29.9815,y:25.4298,z:10
Data >> x:29.9815,y:25.4298,z:0
Data >> x:29.9815,y:25.4298,z:10
Data >> x:29.9261,y:25.8565,z:10
Data >> x:29.9815,y:24.5702,z:0
Data >> x:29.9261,y:24.1435,z:0
Data >> x:29.9815,y:24.5702,z:10
Data >> x:29.9815,y:24.5702,z:10
Data >> x:29.9261,y:24.1435,z:0
Data >> x:29.9261,y:24.1435,z:10
Data >> x:29.9261,y:24.1435,z:10
Data >> x:29.9261,y:24.1435,z:0
Data >> x:29.8342,y:23.7232,z:0
Data >> x:29.9261,y:24.1435,z:10
Data >> x:29.8342,y:23.7232,z:0
Data >> x:29.8342,y:23.7232,z:10
Data >> x:29.8342,y:23.7232,z:10
Data >> x:29.8342,y:23.7232,z:0
Data >> x:29.7066,y:23.3124,z:0
Data >> x:29.8342,y:23.7232,z:10
Data >> x:29.7066,y:23.3124,z:0
Data >> x:29.7066,y:23.3124,z:10
Data >> x:29.7066,y:23.3124,z:10
Data >> x:29.7066,y:23.3124,z:0
Data >> x:29.5441,y:22.914,z:0
Data >> x:29.7066,y:23.3124,z:10
Data >> x:29.5441,y:22.914,z:0
Data >> x:29.5441,y:22.914,z:10
Data >> x:29.5441,y:22.914,z:10
Data >> x:29.5441,y:22.914,z:0
Data >> x:29.3479,y:22.5311,z:0
Data >> x:29.5441,y:22.914,z:10
Data >> x:29.3479,y:22.5311,z:0
Data >> x:29.3479,y:22.5311,z:10
Data >> x:29.3479,y:22.5311,z:10
Data >> x:29.3479,y:22.5311,z:0
Data >> x:29.1196,y:22.1665,z:0
Data >> x:29.3479,y:22.5311,z:10
Data >> x:29.1196,y:22.1665,z:0
Data >> x:29.1196,y:22.1665,z:10
Data >> x:29.1196,y:22.1665,z:10
Data >> x:29.1196,y:22.1665,z:0
Data >> x:28.8608,y:21.8228,z:0
Data >> x:29.1196,y:22.1665,z:10
Data >> x:28.8608,y:21.8228,z:0
Data >> x:28.8608,y:21.8228,z:10
Data >> x:28.8608,y:21.8228,z:10
Data >> x:28.8608,y:21.8228,z:0
Data >> x:28.5734,y:21.5027,z:0
Data >> x:28.8608,y:21.8228,z:10
Data >> x:28.5734,y:21.5027,z:0
Data >> x:28.5734,y:21.5027,z:10
Data >> x:28.5734,y:21.5027,z:10
Data >> x:28.5734,y:21.5027,z:0
Data >> x:28.2595,y:21.2085,z:0
Data >> x:28.5734,y:21.5027,z:10
Data >> x:28.2595,y:21.2085,z:0
Data >> x:28.2595,y:21.2085,z:10
Data >> x:28.2595,y:21.2085,z:10
Data >> x:28.2595,y:21.2085,z:0
Data >> x:27.9215,y:20.9423,z:0
Data >> x:28.2595,y:21.2085,z:10
Data >> x:27.9215,y:20.9423,z:0
Data >> x:27.9215,y:20.9423,z:10
Data >> x:27.9215,y:20.9423,z:10
Data >> x:27.9215,y:20.9423,z:0
Data >> x:27.5619,y:20.7062,z:0
Data >> x:27.9215,y:20.9423,z:10
Data >> x:27.5619,y:20.7062,z:0
Data >> x:27.5619,y:20.7062,z:10
Data >> x:27.5619,y:20.7062,z:10
Data >> x:27.5619,y:20.7062,z:0
Data >> x:27.1833,y:20.5018,z:0
Data >> x:27.5619,y:20.7062,z:10
Data >> x:27.1833,y:20.5018,z:0
Data >> x:27.1833,y:20.5018,z:10
Data >> x:27.1833,y:20.5018,z:10
Data >> x:27.1833,y:20.5018,z:0
Data >> x:26.7885,y:20.3308,z:0
Data >> x:27.1833,y:20.5018,z:10
Data >> x:26.7885,y:20.3308,z:0
Data >> x:26.7885,y:20.3308,z:10
Data >> x:26.7885,y:20.3308,z:10
Data >> x:26.7885,y:20.3308,z:0
Data >> x:26.3805,y:20.1944,z:0
Data >> x:26.7885,y:20.3308,z:10
Data >> x:26.3805,y:20.1944,z:0
Data >> x:26.3805,y:20.1944,z:10
Data >> x:26.3805,y:20.1944,z:10
Data >> x:26.3805,y:20.1944,z:0
Data >> x:25.9623,y:20.0935,z:0
Data >> x:26.3805,y:20.1944,z:10
Data >> x:25.9623,y:20.0935,z:0
Data >> x:25.9623,y:20.0935,z:10
Data >> x:25.9623,y:20.0935,z:10
Data >> x:25.9623,y:20.0935,z:0
Data >> x:25.5369,y:20.0289,z:0
Data >> x:25.9623,y:20.0935,z:10
Data >> x:25.5369,y:20.0289,z:0
Data >> x:25.5369,y:20.0289,z:10
Data >> x:25.5369,y:20.0289,z:10
Data >> x:25.5369,y:20.0289,z:0
Data >> x:25.1076,y:20.0012,z:0
Data >> x:25.5369,y:20.0289,z:10
Data >> x:25.1076,y:20.0012,z:0
Data >> x:25.1076,y:20.0012,z:10
Data >> x:25.1076,y:20.0012,z:10
Data >> x:25.1076,y:20.0012,z:0
Data >> x:24.6775,y:20.0104,z:0
Data >> x:25.1076,y:20.0012,z:10
Data >> x:24.6775,y:20.0104,z:0
Data >> x:24.6775,y:20.0104,z:10
Data >> x:24.6775,y:20.0104,z:10
Data >> x:24.6775,y:20.0104,z:0
Data >> x:24.2497,y:20.0566,z:0
Data >> x:24.6775,y:20.0104,z:10
Data >> x:24.2497,y:20.0566,z:0
Data >> x:24.2497,y:20.0566,z:10
Data >> x:24.2497,y:20.0566,z:10
Data >> x:24.2497,y:20.0566,z:0
Data >> x:23.8275,y:20.1394,z:0
Data >> x:24.2497,y:20.0566,z:10
Data >> x:23.8275,y:20.1394,z:0
Data >> x:23.8275,y:20.1394,z:10
Data >> x:23.8275,y:20.1394,z:10
Data >> x:23.8275,y:20.1394,z:0
Data >> x:23.414,y:20.2582,z:0
Data >> x:23.8275,y:20.1394,z:10
Data >> x:23.414,y:20.2582,z:0
Data >> x:23.414,y:20.2582,z:10
Data >> x:23.414,y:20.2582,z:10
Data >> x:23.414,y:20.2582,z:0
Data >> x:23.0123,y:20.4121,z:0
Data >> x:23.414,y:20.2582,z:10
Data >> x:23.0123,y:20.4121,z:0
Data >> x:23.0123,y:20.4121,z:10
Data >> x:23.0123,y:20.4121,z:10
Data >> x:23.0123,y:20.4121,z:0
Data >> x:22.6252,y:20.5999,z:0
Data >> x:23.0123,y:20.4121,z:10
Data >> x:22.6252,y:20.5999,z:0
Data >> x:22.6252,y:20.5999,z:10
Data >> x:22.6252,y:20.5999,z:10
Data >> x:22.6252,y:20.5999,z:0
Data >> x:22.2558,y:20.8204,z:0
Data >> x:22.6252,y:20.5999,z:10
Data >> x:22.2558,y:20.8204,z:0
Data >> x:22.2558,y:20.8204,z:10
Data >> x:22.2558,y:20.8204,z:10
Data >> x:22.2558,y:20.8204,z:0
Data >> x:21.9066,y:21.0718,z:0
Data >> x:22.2558,y:20.8204,z:10
Data >> x:21.9066,y:21.0718,z:0
Data >> x:21.9066,y:21.0718,z:10
Data >> x:21.9066,y:21.0718,z:10
Data >> x:21.9066,y:21.0718,z:0
Data >> x:21.5804,y:21.3522,z:0
Data >> x:21.9066,y:21.0718,z:10
Data >> x:21.5804,y:21.3522,z:0
Data >> x:21.5804,y:21.3522,z:10
Data >> x:21.5804,y:21.3522,z:10
Data >> x:21.5804,y:21.3522,z:0
Data >> x:21.2795,y:21.6597,z:0
Data >> x:21.5804,y:21.3522,z:10
Data >> x:21.2795,y:21.6597,z:0
Data >> x:21.2795,y:21.6597,z:10
Data >> x:21.2795,y:21.6597,z:10
Data >> x:21.2795,y:21.6597,z:0
Data >> x:21.0061,y:21.9919,z:0
Data >> x:21.2795,y:21.6597,z:10
Data >> x:21.0061,y:21.9919,z:0
Data >> x:21.0061,y:21.9919,z:10
Data >> x:21.0061,y:21.9919,z:10
Data >> x:21.0061,y:21.9919,z:0
Data >> x:20.7623,y:22.3463,z:0
Data >> x:21.0061,y:21.9919,z:10
Data >> x:20.7623,y:22.3463,z:0
Data >> x:20.7623,y:22.3463,z:10
Data >> x:20.7623,y:22.3463,z:10
Data >> x:20.7623,y:22.3463,z:0
Data >> x:20.5499,y:22.7205,z:0
Data >> x:20.7623,y:22.3463,z:10
Data >> x:20.5499,y:22.7205,z:0
Data >> x:20.5499,y:22.7205,z:10
Data >> x:20.5499,y:22.7205,z:10
Data >> x:20.5499,y:22.7205,z:0
Data >> x:20.3704,y:23.1115,z:0
Data >> x:20.5499,y:22.7205,z:10
Data >> x:20.3704,y:23.1115,z:0
Data >> x:20.3704,y:23.1115,z:10
Data >> x:20.3704,y:23.1115,z:10
Data >> x:20.3704,y:23.1115,z:0
Data >> x:20.2252,y:23.5164,z:0
Data >> x:20.3704,y:23.1115,z:10
Data >> x:20.2252,y:23.5164,z:0
Data >> x:20.2252,y:23.5164,z:10
Data >> x:20.2252,y:23.5164,z:10
Data >> x:20.2252,y:23.5164,z:0
Data >> x:20.1153,y:23.9324,z:0
Data >> x:20.2252,y:23.5164,z:10
Data >> x:20.1153,y:23.9324,z:0
Data >> x:20.1153,y:23.9324,z:10
Data >> x:20.1153,y:23.9324,z:10
Data >> x:20.1153,y:23.9324,z:0
Data >> x:20.0416,y:24.3563,z:0
Data >> x:20.1153,y:23.9324,z:10
Data >> x:20.0416,y:24.3563,z:0
Data >> x:20.0416,y:24.3563,z:10
Data >> x:20.0416,y:24.3563,z:10
Data >> x:20.0416,y:24.3563,z:0
Data >> x:20.0046,y:24.7849,z:0
Data >> x:20.0416,y:24.3563,z:10
Data >> x:20.0046,y:24.7849,z:0
Data >> x:20.0046,y:24.7849,z:10
Data >> x:20.0046,y:24.7849,z:10
Data >> x:20.0046,y:24.7849,z:0
Data >> x:20.0046,y:25.2151,z:0
Data >> x:20.0046,y:24.7849,z:10
Data >> x:20.0046,y:25.2151,z:0
Data >> x:20.0046,y:25.2151,z:10
Data >> x:20.0046,y:25.2151,z:10
Data >> x:20.0046,y:25.2151,z:0
Data >> x:20.0416,y:25.6437,z:0
Data >> x:20.0046,y:25.2151,z:10
Data >> x:20.0416,y:25.6437,z:0
Data >> x:20.0416,y:25.6437,z:10
Data >> x:20.0416,y:25.6437,z:10
Data >> x:20.0416,y:25.6437,z:0
Data >> x:20.1153,y:26.0676,z:0
Data >> x:20.0416,y:25.6437,z:10
Data >> x:20.1153,y:26.0676,z:0
Data >> x:20.1153,y:26.0676,z:10
Data >> x:20.1153,y:26.0676,z:10
Data >> x:20.1153,y:26.0676,z:0
Data >> x:20.2252,y:26.4836,z:0
Data >> x:20.1153,y:26.0676,z:10
Data >> x:20.2252,y:26.4836,z:0
Data >> x:20.2252,y:26.4836,z:10
Data >> x:20.2252,y:26.4836,z:10
Data >> x:20.2252,y:26.4836,z:0
Data >> x:20.3704,y:26.8885,z:0
Data >> x:20.2252,y:26.4836,z:10
Data >> x:20.3704,y:26.8885,z:0
Data >> x:20.3704,y:26.8885,z:10
Data >> x:20.3704,y:26.8885,z:10
Data >> x:20.3704,y:26.8885,z:0
Data >> x:20.5499,y:27.2795,z:0
Data >> x:20.3704,y:26.8885,z:10
Data >> x:20.5499,y:27.2795,z:0
Data >> x:20.5499,y:27.2795,z:10
Data >> x:20.5499,y:27.2795,z:10
Data >> x:20.5499,y:27.2795,z:0
Data >> x:20.7623,y:27.6537,z:0
Data >> x:20.5499,y:27.2795,z:10
Data >> x:20.7623,y:27.6537,z:0
Data >> x:20.7623,y:27.6537,z:10
Data >> x:20.7623,y:27.6537,z:10
Data >> x:20.7623,y:27.6537,z:0
Data >> x:21.0061,y:28.0081,z:0
Data >> x:20.7623,y:27.6537,z:10
Data >> x:21.0061,y:28.0081,z:0
Data >> x:21.0061,y:28.0081,z:10
Data >> x:21.0061,y:28.0081,z:10
Data >> x:21.0061,y:28.0081,z:0
Data >> x:21.2795,y:28.3403,z:0
Data >> x:21.0061,y:28.0081,z:10
Data >> x:21.2795,y:28.3403,z:0
Data >> x:21.2795,y:28.3403,z:10
Data >> x:21.2795,y:28.3403,z:10
Data >> x:21.2795,y:28.3403,z:0
Data >> x:21.5804,y:28.6478,z:0
Data >> x:21.2795,y:28.3403,z:10
Data >> x:21.5804,y:28.6478,z:0
Data >> x:21.5804,y:28.6478,z:10
Data >> x:21.5804,y:28.6478,z:10
Data >> x:21.5804,y:28.6478,z:0
Data >> x:21.9066,y:28.9282,z:0
Data >> x:21.5804,y:28.6478,z:10
Data >> x:21.9066,y:28.9282,z:0
Data >> x:21.9066,y:28.9282,z:10
Data >> x:21.9066,y:28.9282,z:10
Data >> x:21.9066,y:28.9282,z:0
Data >> x:22.2558,y:29.1796,z:0
Data >> x:21.9066,y:28.9282,z:10
Data >> x:22.2558,y:29.1796,z:0
Data >> x:22.2558,y:29.1796,z:10
Data >> x:22.2558,y:29.1796,z:10
Data >> x:22.2558,y:29.1796,z:0
Data >> x:22.6252,y:29.4001,z:0
Data >> x:22.2558,y:29.1796,z:10
Data >> x:22.6252,y:29.4001,z:0
Data >> x:22.6252,y:29.4001,z:10
Data >> x:22.6252,y:29.4001,z:10
Data >> x:22.6252,y:29.4001,z:0
Data >> x:23.0123,y:29.5879,z:0
Data >> x:22.6252,y:29.4001,z:10
Data >> x:23.0123,y:29.5879,z:0
Data >> x:23.0123,y:29.5879,z:10
Data >> x:23.0123,y:29.5879,z:10
Data >> x:23.0123,y:29.5879,z:0
Data >> x:23.414,y:29.7418,z:0
Data >> x:23.0123,y:29.5879,z:10
Data >> x:23.414,y:29.7418,z:0
Data >> x:23.414,y:29.7418,z:10
Data >> x:23.414,y:29.7418,z:10
Data >> x:23.414,y:29.7418,z:0
Data >> x:23.8275,y:29.8606,z:0
Data >> x:23.414,y:29.7418,z:10
Data >> x:23.8275,y:29.8606,z:0
Data >> x:23.8275,y:29.8606,z:10
Data >> x:23.8275,y:29.8606,z:10
Data >> x:23.8275,y:29.8606,z:0
Data >> x:24.2497,y:29.9434,z:0
Data >> x:23.8275,y:29.8606,z:10
Data >> x:24.2497,y:29.9434,z:0
Data >> x:24.2497,y:29.9434,z:10
Data >> x:24.2497,y:29.9434,z:10
Data >> x:24.2497,y:29.9434,z:0
Data >> x:24.6775,y:29.9896,z:0
Data >> x:24.2497,y:29.9434,z:10
Data >> x:24.6775,y:29.9896,z:0
Data >> x:24.6775,y:29.9896,z:10
Data >> x:24.6775,y:29.9896,z:10
Data >> x:24.6775,y:29.9896,z:0
Data >> x:25.1076,y:29.9988,z:0
Data >> x:24.6775,y:29.9896,z:10
Data >> x:25.1076,y:29.9988,z:0
Data >> x:25.1076,y:29.9988,z:10
Data >> x:25.1076,y:29.9988,z:10
Data >> x:25.1076,y:29.9988,z:0
Data >> x:25.5369,y:29.9711,z:0
Data >> x:25.1076,y:29.9988,z:10
Data >> x:25.5369,y:29.9711,z:0
Data >> x:25.5369,y:29.9711,z:10
Data >> x:25.5369,y:29.9711,z:10
Data >> x:25.5369,y:29.9711,z:0
Data >> x:25.9623,y:29.9065,z:0
Data >> x:25.5369,y:29.9711,z:10
Data >> x:25.9623,y:29.9065,z:0
Data >> x:25.9623,y:29.9065,z:10
Data >> x:25.9623,y:29.9065,z:10
Data >> x:25.9623,y:29.9065,z:0
Data >> x:26.3805,y:29.8056,z:0
Data >> x:25.9623,y:29.9065,z:10
Data >> x:26.3805,y:29.8056,z:0
Data >> x:26.3805,y:29.8056,z:10
Data >> x:26.3805,y:29.8056,z:10
Data >> x:26.3805,y:29.8056,z:0
Data >> x:26.7885,y:29.6692,z:0
Data >> x:26.3805,y:29.8056,z:10
Data >> x:26.7885,y:29.6692,z:0
Data >> x:26.7885,y:29.6692,z:10
Data >> x:26.7885,y:29.6692,z:10
Data >> x:26.7885,y:29.6692,z:0
Data >> x:27.1833,y:29.4982,z:0
Data >> x:26.7885,y:29.6692,z:10
Data >> x:27.1833,y:29.4982,z:0
Data >> x:27.1833,y:29.4982,z:10
Data >> x:27.1833,y:29.4982,z:10
Data >> x:27.1833,y:29.4982,z:0
Data >> x:27.5619,y:29.2938,z:0
Data >> x:27.1833,y:29.4982,z:10
Data >> x:27.5619,y:29.2938,z:0
Data >> x:27.5619,y:29.2938,z:10
Data >> x:27.5619,y:29.2938,z:10
Data >> x:27.5619,y:29.2938,z:0
Data >> x:27.9215,y:29.0577,z:0
Data >> x:27.5619,y:29.2938,z:10
Data >> x:27.9215,y:29.0577,z:0
Data >> x:27.9215,y:29.0577,z:10
Data >> x:27.9215,y:29.0577,z:10
Data >> x:27.9215,y:29.0577,z:0
Data >> x:28.2595,y:28.7915,z:0
Data >> x:27.9215,y:29.0577,z:10
Data >> x:28.2595,y:28.7915,z:0
Data >> x:28.2595,y:28.7915,z:10
Data >> x:28.2595,y:28.7915,z:10
Data >> x:28.2595,y:28.7915,z:0
Data >> x:28.5734,y:28.4973,z:0
Data >> x:28.2595,y:28.7915,z:10
Data >> x:28.5734,y:28.4973,z:0
Data >> x:28.5734,y:28.4973,z:10
Data >> x:28.5734,y:28.4973,z:10
Data >> x:28.5734,y:28.4973,z:0
Data >> x:28.8608,y:28.1772,z:0
Data >> x:28.5734,y:28.4973,z:10
Data >> x:28.8608,y:28.1772,z:0
Data >> x:28.8608,y:28.1772,z:10
Data >> x:28.8608,y:28.1772,z:10
Data >> x:28.8608,y:28.1772,z:0
Data >> x:29.1196,y:27.8335,z:0
Data >> x:28.8608,y:28.1772,z:10
Data >> x:29.1196,y:27.8335,z:0
Data >> x:29.1196,y:27.8335,z:10
Data >> x:29.1196,y:27.8335,z:10
Data >> x:29.1196,y:27.8335,z:0
Data >> x:29.3479,y:27.4689,z:0
Data >> x:29.1196,y:27.8335,z:10
Data >> x:29.3479,y:27.4689,z:0
Data >> x:29.3479,y:27.4689,z:10
Data >> x:29.3479,y:27.4689,z:10
Data >> x:29.3479,y:27.4689,z:0
Data >> x:29.5441,y:27.086,z:0
Data >> x:29.3479,y:27.4689,z:10
Data >> x:29.5441,y:27.086,z:0
Data >> x:29.5441,y:27.086,z:10
Data >> x:29.5441,y:27.086,z:10
Data >> x:29.5441,y:27.086,z:0
Data >> x:29.7066,y:26.6876,z:0
Data >> x:29.5441,y:27.086,z:10
Data >> x:29.7066,y:26.6876,z:0
Data >> x:29.7066,y:26.6876,z:10
Data >> x:29.7066,y:26.6876,z:10
Data >> x:29.7066,y:26.6876,z:0
Data >> x:29.8342,y:26.2768,z:0
Data >> x:29.7066,y:26.6876,z:10
Data >> x:29.8342,y:26.2768,z:0
Data >> x:29.8342,y:26.2768,z:10
Data >> x:29.8342,y:26.2768,z:10
Data >> x:29.8342,y:26.2768,z:0
Data >> x:29.9261,y:25.8565,z:0
Data >> x:29.8342,y:26.2768,z:10
Data >> x:29.9261,y:25.8565,z:0
Data >> x:29.9261,y:25.8565,z:10
Data >> x:29.9261,y:25.8565,z:10
Data >> x:29.9261,y:25.8565,z:0
Data >> x:29.9815,y:25.4298,z:0
Data >> x:15.019,y:25.6156,z:10
Data >> x:15.019,y:25.6156,z:0
Data >> x:15,y:25,z:10
Data >> x:15,y:25,z:10
Data >> x:15.019,y:25.6156,z:0
Data >> x:15,y:25,z:0
Data >> x:15,y:25,z:10
Data >> x:15,y:25,z:0
Data >> x:15.019,y:24.3844,z:10
Data >> x:15.019,y:24.3844,z:10
Data >> x:15,y:25,z:0
Data >> x:15.019,y:24.3844,z:0
Data >> x:15.019,y:24.3844,z:10
Data >> x:15.019,y:24.3844,z:0
Data >> x:15.0758,y:23.7711,z:10
Data >> x:15.0758,y:23.7711,z:10
Data >> x:15.019,y:24.3844,z:0
Data >> x:15.0758,y:23.7711,z:0
Data >> x:15.0758,y:23.7711,z:10
Data >> x:15.0758,y:23.7711,z:0
Data >> x:15.1703,y:23.1625,z:10
Data >> x:15.1703,y:23.1625,z:10
Data >> x:15.0758,y:23.7711,z:0
Data >> x:15.1703,y:23.1625,z:0
Data >> x:15.1703,y:23.1625,z:10
Data >> x:15.1703,y:23.1625,z:0
Data >> x:15.302,y:22.5609,z:10
Data >> x:15.302,y:22.5609,z:10
Data >> x:15.1703,y:23.1625,z:0
Data >> x:15.302,y:22.5609,z:0
Data >> x:15.302,y:22.5609,z:10
Data >> x:15.302,y:22.5609,z:0
Data >> x:15.4706,y:21.9685,z:10
Data >> x:15.4706,y:21.9685,z:10
Data >> x:15.302,y:22.5609,z:0
Data >> x:15.4706,y:21.9685,z:0
Data >> x:15.4706,y:21.9685,z:10
Data >> x:15.4706,y:21.9685,z:0
Data >> x:15.6753,y:21.3876,z:10
Data >> x:15.6753,y:21.3876,z:10
Data >> x:15.4706,y:21.9685,z:0
Data >> x:15.6753,y:21.3876,z:0
Data >> x:15.6753,y:21.3876,z:10
Data >> x:15.6753,y:21.3876,z:0
Data >> x:15.9153,y:20.8204,z:10
Data >> x:15.9153,y:20.8204,z:10
Data >> x:15.6753,y:21.3876,z:0
Data >> x:15.9153,y:20.8204,z:0
Data >> x:15.9153,y:20.8204,z:10
Data >> x:15.9153,y:20.8204,z:0
Data >> x:16.1899,y:20.2691,z:10
Data >> x:16.1899,y:20.2691,z:10
Data >> x:15.9153,y:20.8204,z:0
Data >> x:16.1899,y:20.2691,z:0
Data >> x:16.1899,y:20.2691,z:10
Data >> x:16.1899,y:20.2691,z:0
Data >> x:16.4978,y:19.7357,z:10
Data >> x:16.4978,y:19.7357,z:10
Data >> x:16.1899,y:20.2691,z:0
Data >> x:16.4978,y:19.7357,z:0
Data >> x:16.4978,y:19.7357,z:10
Data >> x:16.4978,y:19.7357,z:0
Data >> x:16.838,y:19.2223,z:10
Data >> x:16.838,y:19.2223,z:10
Data >> x:16.4978,y:19.7357,z:0
Data >> x:16.838,y:19.2223,z:0
Data >> x:16.838,y:19.2223,z:10
Data >> x:16.838,y:19.2223,z:0
Data >> x:17.2092,y:18.7308,z:10
Data >> x:17.2092,y:18.7308,z:10
Data >> x:16.838,y:19.2223,z:0
Data >> x:17.2092,y:18.7308,z:0
Data >> x:17.2092,y:18.7308,z:10
Data >> x:17.2092,y:18.7308,z:0
Data >> x:17.6099,y:18.263,z:10
Data >> x:17.6099,y:18.263,z:10
Data >> x:17.2092,y:18.7308,z:0
Data >> x:17.6099,y:18.263,z:0
Data >> x:17.6099,y:18.263,z:10
Data >> x:17.6099,y:18.263,z:0
Data >> x:18.0387,y:17.8209,z:10
Data >> x:18.0387,y:17.8209,z:10
Data >> x:17.6099,y:18.263,z:0
Data >> x:18.0387,y:17.8209,z:0
Data >> x:18.0387,y:17.8209,z:10
Data >> x:18.0387,y:17.8209,z:0
Data >> x:18.4938,y:17.406,z:10
Data >> x:18.4938,y:17.406,z:10
Data >> x:18.0387,y:17.8209,z:0
Data >> x:18.4938,y:17.406,z:0
Data >> x:18.4938,y:17.406,z:10
Data >> x:18.4938,y:17.406,z:0
Data >> x:18.9737,y:17.0198,z:10
Data >> x:18.9737,y:17.0198,z:10
Data >> x:18.4938,y:17.406,z:0
Data >> x:18.9737,y:17.0198,z:0
Data >> x:18.9737,y:17.0198,z:10
Data >> x:18.9737,y:17.0198,z:0
Data >> x:19.4764,y:16.664,z:10
Data >> x:19.4764,y:16.664,z:10
Data >> x:18.9737,y:17.0198,z:0
Data >> x:19.4764,y:16.664,z:0
Data >> x:19.4764,y:16.664,z:10
Data >> x:19.4764,y:16.664,z:0
Data >> x:20,y:16.3397,z:10
Data >> x:20,y:16.3397,z:10
Data >> x:19.4764,y:16.664,z:0
Data >> x:20,y:16.3397,z:0
Data >> x:20,y:16.3397,z:10
Data >> x:20,y:16.3397,z:0
Data >> x:20.5426,y:16.0484,z:10
Data >> x:20.5426,y:16.0484,z:10
Data >> x:20,y:16.3397,z:0
Data >> x:20.5426,y:16.0484,z:0
Data >> x:20.5426,y:16.0484,z:10
Data >> x:20.5426,y:16.0484,z:0
Data >> x:21.1021,y:15.7909,z:10
Data >> x:21.1021,y:15.7909,z:10
Data >> x:20.5426,y:16.0484,z:0
Data >> x:21.1021,y:15.7909,z:0
Data >> x:21.1021,y:15.7909,z:10
Data >> x:21.1021,y:15.7909,z:0
Data >> x:21.6765,y:15.5685,z:10
Data >> x:21.6765,y:15.5685,z:10
Data >> x:21.1021,y:15.7909,z:0
Data >> x:21.6765,y:15.5685,z:0
Data >> x:21.6765,y:15.5685,z:10
Data >> x:21.6765,y:15.5685,z:0
Data >> x:22.2634,y:15.3817,z:10
Data >> x:22.2634,y:15.3817,z:10
Data >> x:21.6765,y:15.5685,z:0
Data >> x:22.2634,y:15.3817,z:0
Data >> x:22.2634,y:15.3817,z:10
Data >> x:22.2634,y:15.3817,z:0
Data >> x:22.8607,y:15.2315,z:10
Data >> x:22.8607,y:15.2315,z:10
Data >> x:22.2634,y:15.3817,z:0
Data >> x:22.8607,y:15.2315,z:0
Data >> x:22.8607,y:15.2315,z:10
Data >> x:22.8607,y:15.2315,z:0
Data >> x:23.4661,y:15.1183,z:10
Data >> x:23.4661,y:15.1183,z:10
Data >> x:22.8607,y:15.2315,z:0
Data >> x:23.4661,y:15.1183,z:0
Data >> x:23.4661,y:15.1183,z:10
Data >> x:23.4661,y:15.1183,z:0
Data >> x:24.0773,y:15.0427,z:10
Data >> x:24.0773,y:15.0427,z:10
Data >> x:23.4661,y:15.1183,z:0
Data >> x:24.0773,y:15.0427,z:0
Data >> x:24.0773,y:15.0427,z:10
Data >> x:24.0773,y:15.0427,z:0
Data >> x:24.692,y:15.0047,z:10
Data >> x:24.692,y:15.0047,z:10
Data >> x:24.0773,y:15.0427,z:0
Data >> x:24.692,y:15.0047,z:0
Data >> x:24.692,y:15.0047,z:10
Data >> x:24.692,y:15.0047,z:0
Data >> x:25.308,y:15.0047,z:10
Data >> x:25.308,y:15.0047,z:10
Data >> x:24.692,y:15.0047,z:0
Data >> x:25.308,y:15.0047,z:0
Data >> x:25.308,y:15.0047,z:10
Data >> x:25.308,y:15.0047,z:0
Data >> x:25.9227,y:15.0427,z:10
Data >> x:25.9227,y:15.0427,z:10
Data >> x:25.308,y:15.0047,z:0
Data >> x:25.9227,y:15.0427,z:0
Data >> x:25.9227,y:15.0427,z:10
Data >> x:25.9227,y:15.0427,z:0
Data >> x:26.5339,y:15.1183,z:10
Data >> x:26.5339,y:15.1183,z:10
Data >> x:25.9227,y:15.0427,z:0
Data >> x:26.5339,y:15.1183,z:0
Data >> x:26.5339,y:15.1183,z:10
Data >> x:26.5339,y:15.1183,z:0
Data >> x:27.1393,y:15.2315,z:10
Data >> x:27.1393,y:15.2315,z:10
Data >> x:26.5339,y:15.1183,z:0
Data >> x:27.1393,y:15.2315,z:0
Data >> x:27.1393,y:15.2315,z:10
Data >> x:27.1393,y:15.2315,z:0
Data >> x:27.7366,y:15.3817,z:10
Data >> x:27.7366,y:15.3817,z:10
Data >> x:27.1393,y:15.2315,z:0
Data >> x:27.7366,y:15.3817,z:0
Data >> x:27.7366,y:15.3817,z:10
Data >> x:27.7366,y:15.3817,z:0
Data >> x:28.3235,y:15.5685,z:10
Data >> x:28.3235,y:15.5685,z:10
Data >> x:27.7366,y:15.3817,z:0
Data >> x:28.3235,y:15.5685,z:0
Data >> x:28.3235,y:15.5685,z:10
Data >> x:28.3235,y:15.5685,z:0
Data >> x:28.8979,y:15.7909,z:10
Data >> x:28.8979,y:15.7909,z:10
Data >> x:28.3235,y:15.5685,z:0
Data >> x:28.8979,y:15.7909,z:0
Data >> x:28.8979,y:15.7909,z:10
Data >> x:28.8979,y:15.7909,z:0
Data >> x:29.4574,y:16.0484,z:10
Data >> x:29.4574,y:16.0484,z:10
Data >> x:28.8979,y:15.7909,z:0
Data >> x:29.4574,y:16.0484,z:0
Data >> x:29.4574,y:16.0484,z:10
Data >> x:29.4574,y:16.0484,z:0
Data >> x:30,y:16.3397,z:10
Data >> x:30,y:16.3397,z:10
Data >> x:29.4574,y:16.0484,z:0
Data >> x:30,y:16.3397,z:0
Data >> x:30,y:16.3397,z:10
Data >> x:30,y:16.3397,z:0
Data >> x:30.5236,y:16.664,z:10
Data >> x:30.5236,y:16.664,z:10
Data >> x:30,y:16.3397,z:0
Data >> x:30.5236,y:16.664,z:0
Data >> x:30.5236,y:16.664,z:10
Data >> x:30.5236,y:16.664,z:0
Data >> x:31.0263,y:17.0198,z:10
Data >> x:31.0263,y:17.0198,z:10
Data >> x:30.5236,y:16.664,z:0
Data >> x:31.0263,y:17.0198,z:0
Data >> x:31.0263,y:17.0198,z:10
Data >> x:31.0263,y:17.0198,z:0
Data >> x:31.5062,y:17.406,z:10
Data >> x:31.5062,y:17.406,z:10
Data >> x:31.0263,y:17.0198,z:0
Data >> x:31.5062,y:17.406,z:0
Data >> x:31.5062,y:17.406,z:10
Data >> x:31.5062,y:17.406,z:0
Data >> x:31.9613,y:17.8209,z:10
Data >> x:31.9613,y:17.8209,z:10
Data >> x:31.5062,y:17.406,z:0
Data >> x:31.9613,y:17.8209,z:0
Data >> x:31.9613,y:17.8209,z:10
Data >> x:31.9613,y:17.8209,z:0
Data >> x:32.3901,y:18.263,z:10
Data >> x:32.3901,y:18.263,z:10
Data >> x:31.9613,y:17.8209,z:0
Data >> x:32.3901,y:18.263,z:0
Data >> x:32.3901,y:18.263,z:10
Data >> x:32.3901,y:18.263,z:0
Data >> x:32.7908,y:18.7308,z:10
Data >> x:32.7908,y:18.7308,z:10
Data >> x:32.3901,y:18.263,z:0
Data >> x:32.7908,y:18.7308,z:0
Data >> x:32.7908,y:18.7308,z:10
Data >> x:32.7908,y:18.7308,z:0
Data >> x:33.162,y:19.2223,z:10
Data >> x:33.162,y:19.2223,z:10
Data >> x:32.7908,y:18.7308,z:0
Data >> x:33.162,y:19.2223,z:0
Data >> x:33.162,y:19.2223,z:10
Data >> x:33.162,y:19.2223,z:0
Data >> x:33.5022,y:19.7357,z:10
Data >> x:33.5022,y:19.7357,z:10
Data >> x:33.162,y:19.2223,z:0
Data >> x:33.5022,y:19.7357,z:0
Data >> x:33.5022,y:19.7357,z:10
Data >> x:33.5022,y:19.7357,z:0
Data >> x:33.8101,y:20.2691,z:10
Data >> x:33.8101,y:20.2691,z:10
Data >> x:33.5022,y:19.7357,z:0
Data >> x:33.8101,y:20.2691,z:0
Data >> x:33.8101,y:20.2691,z:10
Data >> x:33.8101,y:20.2691,z:0
Data >> x:34.0847,y:20.8204,z:10
Data >> x:34.0847,y:20.8204,z:10
Data >> x:33.8101,y:20.2691,z:0
Data >> x:34.0847,y:20.8204,z:0
Data >> x:34.0847,y:20.8204,z:10
Data >> x:34.0847,y:20.8204,z:0
Data >> x:34.3247,y:21.3876,z:10
Data >> x:34.3247,y:21.3876,z:10
Data >> x:34.0847,y:20.8204,z:0
Data >> x:34.3247,y:21.3876,z:0
Data >> x:34.3247,y:21.3876,z:10
Data >> x:34.3247,y:21.3876,z:0
Data >> x:34.5294,y:21.9685,z:10
Data >> x:34.5294,y:21.9685,z:10
Data >> x:34.3247,y:21.3876,z:0
Data >> x:34.5294,y:21.9685,z:0
Data >> x:34.5294,y:21.9685,z:10
Data >> x:34.5294,y:21.9685,z:0
Data >> x:34.698,y:22.5609,z:10
Data >> x:34.698,y:22.5609,z:10
Data >> x:34.5294,y:21.9685,z:0
Data >> x:34.698,y:22.5609,z:0
Data >> x:34.698,y:22.5609,z:10
Data >> x:34.698,y:22.5609,z:0
Data >> x:34.8297,y:23.1625,z:10
Data >> x:34.8297,y:23.1625,z:10
Data >> x:34.698,y:22.5609,z:0
Data >> x:34.8297,y:23.1625,z:0
Data >> x:34.8297,y:23.1625,z:10
Data >> x:34.8297,y:23.1625,z:0
Data >> x:34.9242,y:23.7711,z:10
Data >> x:34.9242,y:23.7711,z:10
Data >> x:34.8297,y:23.1625,z:0
Data >> x:34.9242,y:23.7711,z:0
Data >> x:34.9242,y:23.7711,z:10
Data >> x:34.9242,y:23.7711,z:0
Data >> x:34.981,y:24.3844,z:10
Data >> x:34.981,y:24.3844,z:10
Data >> x:34.9242,y:23.7711,z:0
Data >> x:34.981,y:24.3844,z:0
Data >> x:34.981,y:24.3844,z:10
Data >> x:34.981,y:24.3844,z:0
Data >> x:35,y:25,z:10
Data >> x:35,y:25,z:10
Data >> x:34.981,y:24.3844,z:0
Data >> x:35,y:25,z:0
Data >> x:35,y:25,z:10
Data >> x:35,y:25,z:0
Data >> x:34.981,y:25.6156,z:10
Data >> x:34.981,y:25.6156,z:10
Data >> x:35,y:25,z:0
Data >> x:34.981,y:25.6156,z:0
Data >> x:34.981,y:25.6156,z:10
Data >> x:34.981,y:25.6156,z:0
Data >> x:34.9242,y:26.2289,z:10
Data >> x:34.9242,y:26.2289,z:10
Data >> x:34.981,y:25.6156,z:0
Data >> x:34.9242,y:26.2289,z:0
Data >> x:34.9242,y:26.2289,z:10
Data >> x:34.9242,y:26.2289,z:0
Data >> x:34.8297,y:26.8375,z:10
Data >> x:34.8297,y:26.8375,z:10
Data >> x:34.9242,y:26.2289,z:0
Data >> x:34.8297,y:26.8375,z:0
Data >> x:34.8297,y:26.8375,z:10
Data >> x:34.8297,y:26.8375,z:0
Data >> x:34.698,y:27.4391,z:10
Data >> x:34.698,y:27.4391,z:10
Data >> x:34.8297,y:26.8375,z:0
Data >> x:34.698,y:27.4391,z:0
Data >> x:34.698,y:27.4391,z:10
Data >> x:34.698,y:27.4391,z:0
Data >> x:34.5294,y:28.0315,z:10
Data >> x:34.5294,y:28.0315,z:10
Data >> x:34.698,y:27.4391,z:0
Data >> x:34.5294,y:28.0315,z:0
Data >> x:34.5294,y:28.0315,z:10
Data >> x:34.5294,y:28.0315,z:0
Data >> x:34.3247,y:28.6124,z:10
Data >> x:34.3247,y:28.6124,z:10
Data >> x:34.5294,y:28.0315,z:0
Data >> x:34.3247,y:28.6124,z:0
Data >> x:34.3247,y:28.6124,z:10
Data >> x:34.3247,y:28.6124,z:0
Data >> x:34.0847,y:29.1796,z:10
Data >> x:34.0847,y:29.1796,z:10
Data >> x:34.3247,y:28.6124,z:0
Data >> x:34.0847,y:29.1796,z:0
Data >> x:34.0847,y:29.1796,z:10
Data >> x:34.0847,y:29.1796,z:0
Data >> x:33.8101,y:29.7309,z:10
Data >> x:33.8101,y:29.7309,z:10
Data >> x:34.0847,y:29.1796,z:0
Data >> x:33.8101,y:29.7309,z:0
Data >> x:33.8101,y:29.7309,z:10
Data >> x:33.8101,y:29.7309,z:0
Data >> x:33.5022,y:30.2643,z:10
Data >> x:33.5022,y:30.2643,z:10
Data >> x:33.8101,y:29.7309,z:0
Data >> x:33.5022,y:30.2643,z:0
Data >> x:33.5022,y:30.2643,z:10
Data >> x:33.5022,y:30.2643,z:0
Data >> x:33.162,y:30.7777,z:10
Data >> x:33.162,y:30.7777,z:10
Data >> x:33.5022,y:30.2643,z:0
Data >> x:33.162,y:30.7777,z:0
Data >> x:33.162,y:30.7777,z:10
Data >> x:33.162,y:30.7777,z:0
Data >> x:32.7908,y:31.2692,z:10
Data >> x:32.7908,y:31.2692,z:10
Data >> x:33.162,y:30.7777,z:0
Data >> x:32.7908,y:31.2692,z:0
Data >> x:32.7908,y:31.2692,z:10
Data >> x:32.7908,y:31.2692,z:0
Data >> x:32.3901,y:31.737,z:10
Data >> x:32.3901,y:31.737,z:10
Data >> x:32.7908,y:31.2692,z:0
Data >> x:32.3901,y:31.737,z:0
Data >> x:32.3901,y:31.737,z:10
Data >> x:32.3901,y:31.737,z:0
Data >> x:31.9613,y:32.1791,z:10
Data >> x:31.9613,y:32.1791,z:10
Data >> x:32.3901,y:31.737,z:0
Data >> x:31.9613,y:32.1791,z:0
Data >> x:31.9613,y:32.1791,z:10
Data >> x:31.9613,y:32.1791,z:0
Data >> x:31.5062,y:32.594,z:10
Data >> x:31.5062,y:32.594,z:10
Data >> x:31.9613,y:32.1791,z:0
Data >> x:31.5062,y:32.594,z:0
Data >> x:31.5062,y:32.594,z:10
Data >> x:31.5062,y:32.594,z:0
Data >> x:31.0263,y:32.9802,z:10
Data >> x:31.0263,y:32.9802,z:10
Data >> x:31.5062,y:32.594,z:0
Data >> x:31.0263,y:32.9802,z:0
Data >> x:31.0263,y:32.9802,z:10
Data >> x:31.0263,y:32.9802,z:0
Data >> x:30.5236,y:33.336,z:10
Data >> x:30.5236,y:33.336,z:10
Data >> x:31.0263,y:32.9802,z:0
Data >> x:30.5236,y:33.336,z:0
Data >> x:30.5236,y:33.336,z:10
Data >> x:30.5236,y:33.336,z:0
Data >> x:30,y:33.6603,z:10
Data >> x:30,y:33.6603,z:10
Data >> x:30.5236,y:33.336,z:0
Data >> x:30,y:33.6603,z:0
Data >> x:30,y:33.6603,z:10
Data >> x:30,y:33.6603,z:0
Data >> x:29.4574,y:33.9516,z:10
Data >> x:29.4574,y:33.9516,z:10
Data >> x:30,y:33.6603,z:0
Data >> x:29.4574,y:33.9516,z:0
Data >> x:29.4574,y:33.9516,z:10
Data >> x:29.4574,y:33.9516,z:0
Data >> x:28.8979,y:34.2091,z:10
Data >> x:28.8979,y:34.2091,z:10
Data >> x:29.4574,y:33.9516,z:0
Data >> x:28.8979,y:34.2091,z:0
Data >> x:28.8979,y:34.2091,z:10
Data >> x:28.8979,y:34.2091,z:0
Data >> x:28.3235,y:34.4315,z:10
Data >> x:28.3235,y:34.4315,z:10
Data >> x:28.8979,y:34.2091,z:0
Data >> x:28.3235,y:34.4315,z:0
Data >> x:28.3235,y:34.4315,z:10
Data >> x:28.3235,y:34.4315,z:0
Data >> x:27.7366,y:34.6183,z:10
Data >> x:27.7366,y:34.6183,z:10
Data >> x:28.3235,y:34.4315,z:0
Data >> x:27.7366,y:34.6183,z:0
Data >> x:27.7366,y:34.6183,z:10
Data >> x:27.7366,y:34.6183,z:0
Data >> x:27.1393,y:34.7685,z:10
Data >> x:27.1393,y:34.7685,z:10
Data >> x:27.7366,y:34.6183,z:0
Data >> x:27.1393,y:34.7685,z:0
Data >> x:27.1393,y:34.7685,z:10
Data >> x:27.1393,y:34.7685,z:0
Data >> x:26.5339,y:34.8817,z:10
Data >> x:26.5339,y:34.8817,z:10
Data >> x:27.1393,y:34.7685,z:0
Data >> x:26.5339,y:34.8817,z:0
Data >> x:26.5339,y:34.8817,z:10
Data >> x:26.5339,y:34.8817,z:0
Data >> x:25.9227,y:34.9573,z:10
Data >> x:25.9227,y:34.9573,z:10
Data >> x:26.5339,y:34.8817,z:0
Data >> x:25.9227,y:34.9573,z:0
Data >> x:25.9227,y:34.9573,z:10
Data >> x:25.9227,y:34.9573,z:0
Data >> x:25.308,y:34.9953,z:10
Data >> x:25.308,y:34.9953,z:10
Data >> x:25.9227,y:34.9573,z:0
Data >> x:25.308,y:34.9953,z:0
Data >> x:25.308,y:34.9953,z:10
Data >> x:25.308,y:34.9953,z:0
Data >> x:24.692,y:34.9953,z:10
Data >> x:24.692,y:34.9953,z:10
Data >> x:25.308,y:34.9953,z:0
Data >> x:24.692,y:34.9953,z:0
Data >> x:24.692,y:34.9953,z:10
Data >> x:24.692,y:34.9953,z:0
Data >> x:24.0773,y:34.9573,z:10
Data >> x:24.0773,y:34.9573,z:10
Data >> x:24.692,y:34.9953,z:0
Data >> x:24.0773,y:34.9573,z:0
Data >> x:24.0773,y:34.9573,z:10
Data >> x:24.0773,y:34.9573,z:0
Data >> x:23.4661,y:34.8817,z:10
Data >> x:23.4661,y:34.8817,z:10
Data >> x:24.0773,y:34.9573,z:0
Data >> x:23.4661,y:34.8817,z:0
Data >> x:23.4661,y:34.8817,z:10
Data >> x:23.4661,y:34.8817,z:0
Data >> x:22.8607,y:34.7685,z:10
Data >> x:22.8607,y:34.7685,z:10
Data >> x:23.4661,y:34.8817,z:0
Data >> x:22.8607,y:34.7685,z:0
Data >> x:22.8607,y:34.7685,z:10
Data >> x:22.8607,y:34.7685,z:0
Data >> x:22.2634,y:34.6183,z:10
Data >> x:22.2634,y:34.6183,z:10
Data >> x:22.8607,y:34.7685,z:0
Data >> x:22.2634,y:34.6183,z:0
Data >> x:22.2634,y:34.6183,z:10
Data >> x:22.2634,y:34.6183,z:0
Data >> x:21.6765,y:34.4315,z:10
Data >> x:21.6765,y:34.4315,z:10
Data >> x:22.2634,y:34.6183,z:0
Data >> x:21.6765,y:34.4315,z:0
Data >> x:21.6765,y:34.4315,z:10
Data >> x:21.6765,y:34.4315,z:0
Data >> x:21.1021,y:34.2091,z:10
Data >> x:21.1021,y:34.2091,z:10
Data >> x:21.6765,y:34.4315,z:0
Data >> x:21.1021,y:34.2091,z:0
Data >> x:21.1021,y:34.2091,z:10
Data >> x:21.1021,y:34.2091,z:0
Data >> x:20.5426,y:33.9516,z:10
Data >> x:20.5426,y:33.9516,z:10
Data >> x:21.1021,y:34.2091,z:0
Data >> x:20.5426,y:33.9516,z:0
Data >> x:20.5426,y:33.9516,z:10
Data >> x:20.5426,y:33.9516,z:0
Data >> x:20,y:33.6603,z:10
Data >> x:20,y:33.6603,z:10
Data >> x:20.5426,y:33.9516,z:0
Data >> x:20,y:33.6603,z:0
Data >> x:20,y:33.6603,z:10
Data >> x:20,y:33.6603,z:0
Data >> x:19.4764,y:33.336,z:10
Data >> x:19.4764,y:33.336,z:10
Data >> x:20,y:33.6603,z:0
Data >> x:19.4764,y:33.336,z:0
Data >> x:19.4764,y:33.336,z:10
Data >> x:19.4764,y:33.336,z:0
Data >> x:18.9737,y:32.9802,z:10
Data >> x:18.9737,y:32.9802,z:10
Data >> x:19.4764,y:33.336,z:0
Data >> x:18.9737,y:32.9802,z:0
Data >> x:18.9737,y:32.9802,z:10
Data >> x:18.9737,y:32.9802,z:0
Data >> x:18.4938,y:32.594,z:10
Data >> x:18.4938,y:32.594,z:10
Data >> x:18.9737,y:32.9802,z:0
Data >> x:18.4938,y:32.594,z:0
Data >> x:18.4938,y:32.594,z:10
Data >> x:18.4938,y:32.594,z:0
Data >> x:18.0387,y:32.1791,z:10
Data >> x:18.0387,y:32.1791,z:10
Data >> x:18.4938,y:32.594,z:0
Data >> x:18.0387,y:32.1791,z:0
Data >> x:18.0387,y:32.1791,z:10
Data >> x:18.0387,y:32.1791,z:0
Data >> x:17.6099,y:31.737,z:10
Data >> x:17.6099,y:31.737,z:10
Data >> x:18.0387,y:32.1791,z:0
Data >> x:17.6099,y:31.737,z:0
Data >> x:17.6099,y:31.737,z:10
Data >> x:17.6099,y:31.737,z:0
Data >> x:17.2092,y:31.2692,z:10
Data >> x:17.2092,y:31.2692,z:10
Data >> x:17.6099,y:31.737,z:0
Data >> x:17.2092,y:31.2692,z:0
Data >> x:17.2092,y:31.2692,z:10
Data >> x:17.2092,y:31.2692,z:0
Data >> x:16.838,y:30.7777,z:10
Data >> x:16.838,y:30.7777,z:10
Data >> x:17.2092,y:31.2692,z:0
Data >> x:16.838,y:30.7777,z:0
Data >> x:16.838,y:30.7777,z:10
Data >> x:16.838,y:30.7777,z:0
Data >> x:16.4978,y:30.2643,z:10
Data >> x:16.4978,y:30.2643,z:10
Data >> x:16.838,y:30.7777,z:0
Data >> x:16.4978,y:30.2643,z:0
Data >> x:16.4978,y:30.2643,z:10
Data >> x:16.4978,y:30.2643,z:0
Data >> x:16.1899,y:29.7309,z:10
Data >> x:16.1899,y:29.7309,z:10
Data >> x:16.4978,y:30.2643,z:0
Data >> x:16.1899,y:29.7309,z:0
Data >> x:16.1899,y:29.7309,z:10
Data >> x:16.1899,y:29.7309,z:0
Data >> x:15.9153,y:29.1796,z:10
Data >> x:15.9153,y:29.1796,z:10
Data >> x:16.1899,y:29.7309,z:0
Data >> x:15.9153,y:29.1796,z:0
Data >> x:15.9153,y:29.1796,z:10
Data >> x:15.9153,y:29.1796,z:0
Data >> x:15.6753,y:28.6124,z:10
Data >> x:15.6753,y:28.6124,z:10
Data >> x:15.9153,y:29.1796,z:0
Data >> x:15.6753,y:28.6124,z:0
Data >> x:15.6753,y:28.6124,z:10
Data >> x:15.6753,y:28.6124,z:0
Data >> x:15.4706,y:28.0315,z:10
Data >> x:15.4706,y:28.0315,z:10
Data >> x:15.6753,y:28.6124,z:0
Data >> x:15.4706,y:28.0315,z:0
Data >> x:15.4706,y:28.0315,z:10
Data >> x:15.4706,y:28.0315,z:0
Data >> x:15.302,y:27.4391,z:10
Data >> x:15.302,y:27.4391,z:10
Data >> x:15.4706,y:28.0315,z:0
Data >> x:15.302,y:27.4391,z:0
Data >> x:15.302,y:27.4391,z:10
Data >> x:15.302,y:27.4391,z:0
Data >> x:15.1703,y:26.8375,z:10
Data >> x:15.1703,y:26.8375,z:10
Data >> x:15.302,y:27.4391,z:0
Data >> x:15.1703,y:26.8375,z:0
Data >> x:15.1703,y:26.8375,z:10
Data >> x:15.1703,y:26.8375,z:0
Data >> x:15.0758,y:26.2289,z:10
Data >> x:15.0758,y:26.2289,z:10
Data >> x:15.1703,y:26.8375,z:0
Data >> x:15.0758,y:26.2289,z:0
Data >> x:15.0758,y:26.2289,z:10
Data >> x:15.0758,y:26.2289,z:0
Data >> x:15.019,y:25.6156,z:10
Data >> x:15.019,y:25.6156,z:10
Data >> x:15.0758,y:26.2289,z:0
Data >> x:15.019,y:25.6156,z:0
Data >> x:29.9815,y:24.5702,z:10
Data >> x:34.981,y:24.3844,z:10
Data >> x:30,y:25,z:10
Data >> x:30,y:25,z:10
Data >> x:34.981,y:24.3844,z:10
Data >> x:35,y:25,z:10
Data >> x:30,y:25,z:10
Data >> x:35,y:25,z:10
Data >> x:34.981,y:25.6156,z:10
Data >> x:34.981,y:24.3844,z:10
Data >> x:29.9815,y:24.5702,z:10
Data >> x:34.9242,y:23.7711,z:10
Data >> x:34.9242,y:23.7711,z:10
Data >> x:29.9815,y:24.5702,z:10
Data >> x:29.9261,y:24.1435,z:10
Data >> x:34.9242,y:23.7711,z:10
Data >> x:29.9261,y:24.1435,z:10
Data >> x:34.8297,y:23.1625,z:10
Data >> x:34.8297,y:23.1625,z:10
Data >> x:29.9261,y:24.1435,z:10
Data >> x:29.8342,y:23.7232,z:10
Data >> x:34.8297,y:23.1625,z:10
Data >> x:29.8342,y:23.7232,z:10
Data >> x:34.698,y:22.5609,z:10
Data >> x:34.698,y:22.5609,z:10
Data >> x:29.8342,y:23.7232,z:10
Data >> x:34.5294,y:21.9685,z:10
Data >> x:34.5294,y:21.9685,z:10
Data >> x:29.8342,y:23.7232,z:10
Data >> x:29.7066,y:23.3124,z:10
Data >> x:34.5294,y:21.9685,z:10
Data >> x:29.7066,y:23.3124,z:10
Data >> x:34.3247,y:21.3876,z:10
Data >> x:34.3247,y:21.3876,z:10
Data >> x:29.7066,y:23.3124,z:10
Data >> x:29.5441,y:22.914,z:10
Data >> x:34.3247,y:21.3876,z:10
Data >> x:29.5441,y:22.914,z:10
Data >> x:34.0847,y:20.8204,z:10
Data >> x:34.0847,y:20.8204,z:10
Data >> x:29.5441,y:22.914,z:10
Data >> x:33.8101,y:20.2691,z:10
Data >> x:33.8101,y:20.2691,z:10
Data >> x:29.5441,y:22.914,z:10
Data >> x:29.3479,y:22.5311,z:10
Data >> x:33.8101,y:20.2691,z:10
Data >> x:29.3479,y:22.5311,z:10
Data >> x:33.5022,y:19.7357,z:10
Data >> x:33.5022,y:19.7357,z:10
Data >> x:29.3479,y:22.5311,z:10
Data >> x:29.1196,y:22.1665,z:10
Data >> x:33.5022,y:19.7357,z:10
Data >> x:29.1196,y:22.1665,z:10
Data >> x:33.162,y:19.2223,z:10
Data >> x:33.162,y:19.2223,z:10
Data >> x:29.1196,y:22.1665,z:10
Data >> x:28.8608,y:21.8228,z:10
Data >> x:33.162,y:19.2223,z:10
Data >> x:28.8608,y:21.8228,z:10
Data >> x:32.7908,y:18.7308,z:10
Data >> x:32.7908,y:18.7308,z:10
Data >> x:28.8608,y:21.8228,z:10
Data >> x:32.3901,y:18.263,z:10
Data >> x:32.3901,y:18.263,z:10
Data >> x:28.8608,y:21.8228,z:10
Data >> x:28.5734,y:21.5027,z:10
Data >> x:32.3901,y:18.263,z:10
Data >> x:28.5734,y:21.5027,z:10
Data >> x:28.2595,y:21.2085,z:10
Data >> x:28.2595,y:21.2085,z:10
Data >> x:27.9215,y:20.9423,z:10
Data >> x:32.3901,y:18.263,z:10
Data >> x:32.3901,y:18.263,z:10
Data >> x:27.9215,y:20.9423,z:10
Data >> x:27.5619,y:20.7062,z:10
Data >> x:32.3901,y:18.263,z:10
Data >> x:27.5619,y:20.7062,z:10
Data >> x:27.1833,y:20.5018,z:10
Data >> x:27.1833,y:20.5018,z:10
Data >> x:26.7885,y:20.3308,z:10
Data >> x:32.3901,y:18.263,z:10
Data >> x:32.3901,y:18.263,z:10
Data >> x:26.7885,y:20.3308,z:10
Data >> x:26.3805,y:20.1944,z:10
Data >> x:32.3901,y:18.263,z:10
Data >> x:26.3805,y:20.1944,z:10
Data >> x:31.9613,y:17.8209,z:10
Data >> x:31.9613,y:17.8209,z:10
Data >> x:26.3805,y:20.1944,z:10
Data >> x:31.5062,y:17.406,z:10
Data >> x:31.5062,y:17.406,z:10
Data >> x:26.3805,y:20.1944,z:10
Data >> x:31.0263,y:17.0198,z:10
Data >> x:31.0263,y:17.0198,z:10
Data >> x:26.3805,y:20.1944,z:10
Data >> x:30.5236,y:16.664,z:10
Data >> x:30.5236,y:16.664,z:10
Data >> x:26.3805,y:20.1944,z:10
Data >> x:30,y:16.3397,z:10
Data >> x:30,y:16.3397,z:10
Data >> x:26.3805,y:20.1944,z:10
Data >> x:29.4574,y:16.0484,z:10
Data >> x:29.4574,y:16.0484,z:10
Data >> x:26.3805,y:20.1944,z:10
Data >> x:28.8979,y:15.7909,z:10
Data >> x:28.8979,y:15.7909,z:10
Data >> x:26.3805,y:20.1944,z:10
Data >> x:28.3235,y:15.5685,z:10
Data >> x:28.3235,y:15.5685,z:10
Data >> x:26.3805,y:20.1944,z:10
Data >> x:27.7366,y:15.3817,z:10
Data >> x:27.7366,y:15.3817,z:10
Data >> x:26.3805,y:20.1944,z:10
Data >> x:27.1393,y:15.2315,z:10
Data >> x:27.1393,y:15.2315,z:10
Data >> x:26.3805,y:20.1944,z:10
Data >> x:25.9623,y:20.0935,z:10
Data >> x:27.1393,y:15.2315,z:10
Data >> x:25.9623,y:20.0935,z:10
Data >> x:26.5339,y:15.1183,z:10
Data >> x:26.5339,y:15.1183,z:10
Data >> x:25.9623,y:20.0935,z:10
Data >> x:25.5369,y:20.0289,z:10
Data >> x:26.5339,y:15.1183,z:10
Data >> x:25.5369,y:20.0289,z:10
Data >> x:25.9227,y:15.0427,z:10
Data >> x:25.9227,y:15.0427,z:10
Data >> x:25.5369,y:20.0289,z:10
Data >> x:25.1076,y:20.0012,z:10
Data >> x:25.9227,y:15.0427,z:10
Data >> x:25.1076,y:20.0012,z:10
Data >> x:25.308,y:15.0047,z:10
Data >> x:25.308,y:15.0047,z:10
Data >> x:25.1076,y:20.0012,z:10
Data >> x:24.692,y:15.0047,z:10
Data >> x:24.692,y:15.0047,z:10
Data >> x:25.1076,y:20.0012,z:10
Data >> x:24.6775,y:20.0104,z:10
Data >> x:24.692,y:15.0047,z:10
Data >> x:24.6775,y:20.0104,z:10
Data >> x:24.0773,y:15.0427,z:10
Data >> x:24.0773,y:15.0427,z:10
Data >> x:24.6775,y:20.0104,z:10
Data >> x:24.2497,y:20.0566,z:10
Data >> x:24.0773,y:15.0427,z:10
Data >> x:24.2497,y:20.0566,z:10
Data >> x:23.4661,y:15.1183,z:10
Data >> x:23.4661,y:15.1183,z:10
Data >> x:24.2497,y:20.0566,z:10
Data >> x:22.8607,y:15.2315,z:10
Data >> x:22.8607,y:15.2315,z:10
Data >> x:24.2497,y:20.0566,z:10
Data >> x:23.8275,y:20.1394,z:10
Data >> x:22.8607,y:15.2315,z:10
Data >> x:23.8275,y:20.1394,z:10
Data >> x:22.2634,y:15.3817,z:10
Data >> x:22.2634,y:15.3817,z:10
Data >> x:23.8275,y:20.1394,z:10
Data >> x:23.414,y:20.2582,z:10
Data >> x:22.2634,y:15.3817,z:10
Data >> x:23.414,y:20.2582,z:10
Data >> x:21.6765,y:15.5685,z:10
Data >> x:21.6765,y:15.5685,z:10
Data >> x:23.414,y:20.2582,z:10
Data >> x:23.0123,y:20.4121,z:10
Data >> x:21.6765,y:15.5685,z:10
Data >> x:23.0123,y:20.4121,z:10
Data >> x:21.1021,y:15.7909,z:10
Data >> x:21.1021,y:15.7909,z:10
Data >> x:23.0123,y:20.4121,z:10
Data >> x:20.5426,y:16.0484,z:10
Data >> x:20.5426,y:16.0484,z:10
Data >> x:23.0123,y:20.4121,z:10
Data >> x:22.6252,y:20.5999,z:10
Data >> x:20.5426,y:16.0484,z:10
Data >> x:22.6252,y:20.5999,z:10
Data >> x:20,y:16.3397,z:10
Data >> x:20,y:16.3397,z:10
Data >> x:22.6252,y:20.5999,z:10
Data >> x:22.2558,y:20.8204,z:10
Data >> x:20,y:16.3397,z:10
Data >> x:22.2558,y:20.8204,z:10
Data >> x:19.4764,y:16.664,z:10
Data >> x:19.4764,y:16.664,z:10
Data >> x:22.2558,y:20.8204,z:10
Data >> x:18.9737,y:17.0198,z:10
Data >> x:18.9737,y:17.0198,z:10
Data >> x:22.2558,y:20.8204,z:10
Data >> x:21.9066,y:21.0718,z:10
Data >> x:18.9737,y:17.0198,z:10
Data >> x:21.9066,y:21.0718,z:10
Data >> x:18.4938,y:17.406,z:10
Data >> x:18.4938,y:17.406,z:10
Data >> x:21.9066,y:21.0718,z:10
Data >> x:21.5804,y:21.3522,z:10
Data >> x:18.4938,y:17.406,z:10
Data >> x:21.5804,y:21.3522,z:10
Data >> x:18.0387,y:17.8209,z:10
Data >> x:18.0387,y:17.8209,z:10
Data >> x:21.5804,y:21.3522,z:10
Data >> x:21.2795,y:21.6597,z:10
Data >> x:18.0387,y:17.8209,z:10
Data >> x:21.2795,y:21.6597,z:10
Data >> x:17.6099,y:18.263,z:10
Data >> x:17.6099,y:18.263,z:10
Data >> x:21.2795,y:21.6597,z:10
Data >> x:17.2092,y:18.7308,z:10
Data >> x:17.2092,y:18.7308,z:10
Data >> x:21.2795,y:21.6597,z:10
Data >> x:21.0061,y:21.9919,z:10
Data >> x:17.2092,y:18.7308,z:10
Data >> x:21.0061,y:21.9919,z:10
Data >> x:16.838,y:19.2223,z:10
Data >> x:16.838,y:19.2223,z:10
Data >> x:21.0061,y:21.9919,z:10
Data >> x:20.7623,y:22.3463,z:10
Data >> x:16.838,y:19.2223,z:10
Data >> x:20.7623,y:22.3463,z:10
Data >> x:16.4978,y:19.7357,z:10
Data >> x:16.4978,y:19.7357,z:10
Data >> x:20.7623,y:22.3463,z:10
Data >> x:16.1899,y:20.2691,z:10
Data >> x:16.1899,y:20.2691,z:10
Data >> x:20.7623,y:22.3463,z:10
Data >> x:20.5499,y:22.7205,z:10
Data >> x:16.1899,y:20.2691,z:10
Data >> x:20.5499,y:22.7205,z:10
Data >> x:15.9153,y:20.8204,z:10
Data >> x:15.9153,y:20.8204,z:10
Data >> x:20.5499,y:22.7205,z:10
Data >> x:20.3704,y:23.1115,z:10
Data >> x:15.9153,y:20.8204,z:10
Data >> x:20.3704,y:23.1115,z:10
Data >> x:15.6753,y:21.3876,z:10
Data >> x:15.6753,y:21.3876,z:10
Data >> x:20.3704,y:23.1115,z:10
Data >> x:20.2252,y:23.5164,z:10
Data >> x:15.6753,y:21.3876,z:10
Data >> x:20.2252,y:23.5164,z:10
Data >> x:15.4706,y:21.9685,z:10
Data >> x:15.4706,y:21.9685,z:10
Data >> x:20.2252,y:23.5164,z:10
Data >> x:15.302,y:22.5609,z:10
Data >> x:15.302,y:22.5609,z:10
Data >> x:20.2252,y:23.5164,z:10
Data >> x:20.1153,y:23.9324,z:10
Data >> x:15.302,y:22.5609,z:10
Data >> x:20.1153,y:23.9324,z:10
Data >> x:15.1703,y:23.1625,z:10
Data >> x:15.1703,y:23.1625,z:10
Data >> x:20.1153,y:23.9324,z:10
Data >> x:20.0416,y:24.3563,z:10
Data >> x:15.1703,y:23.1625,z:10
Data >> x:20.0416,y:24.3563,z:10
Data >> x:15.0758,y:23.7711,z:10
Data >> x:15.0758,y:23.7711,z:10
Data >> x:20.0416,y:24.3563,z:10
Data >> x:15.019,y:24.3844,z:10
Data >> x:15.019,y:24.3844,z:10
Data >> x:20.0416,y:24.3563,z:10
Data >> x:20.0046,y:24.7849,z:10
Data >> x:15.019,y:24.3844,z:10
Data >> x:20.0046,y:24.7849,z:10
Data >> x:15,y:25,z:10
Data >> x:15,y:25,z:10
Data >> x:20.0046,y:24.7849,z:10
Data >> x:20.0046,y:25.2151,z:10
Data >> x:15,y:25,z:10
Data >> x:20.0046,y:25.2151,z:10
Data >> x:15.019,y:25.6156,z:10
Data >> x:15.019,y:25.6156,z:10
Data >> x:20.0046,y:25.2151,z:10
Data >> x:20.0416,y:25.6437,z:10
Data >> x:15.019,y:25.6156,z:10
Data >> x:20.0416,y:25.6437,z:10
Data >> x:15.0758,y:26.2289,z:10
Data >> x:15.0758,y:26.2289,z:10
Data >> x:20.0416,y:25.6437,z:10
Data >> x:15.1703,y:26.8375,z:10
Data >> x:15.1703,y:26.8375,z:10
Data >> x:20.0416,y:25.6437,z:10
Data >> x:20.1153,y:26.0676,z:10
Data >> x:15.1703,y:26.8375,z:10
Data >> x:20.1153,y:26.0676,z:10
Data >> x:15.302,y:27.4391,z:10
Data >> x:15.302,y:27.4391,z:10
Data >> x:20.1153,y:26.0676,z:10
Data >> x:20.2252,y:26.4836,z:10
Data >> x:15.302,y:27.4391,z:10
Data >> x:20.2252,y:26.4836,z:10
Data >> x:15.4706,y:28.0315,z:10
Data >> x:15.4706,y:28.0315,z:10
Data >> x:20.2252,y:26.4836,z:10
Data >> x:15.6753,y:28.6124,z:10
Data >> x:15.6753,y:28.6124,z:10
Data >> x:20.2252,y:26.4836,z:10
Data >> x:20.3704,y:26.8885,z:10
Data >> x:15.6753,y:28.6124,z:10
Data >> x:20.3704,y:26.8885,z:10
Data >> x:15.9153,y:29.1796,z:10
Data >> x:15.9153,y:29.1796,z:10
Data >> x:20.3704,y:26.8885,z:10
Data >> x:20.5499,y:27.2795,z:10
Data >> x:15.9153,y:29.1796,z:10
Data >> x:20.5499,y:27.2795,z:10
Data >> x:16.1899,y:29.7309,z:10
Data >> x:16.1899,y:29.7309,z:10
Data >> x:20.5499,y:27.2795,z:10
Data >> x:20.7623,y:27.6537,z:10
Data >> x:16.1899,y:29.7309,z:10
Data >> x:20.7623,y:27.6537,z:10
Data >> x:16.4978,y:30.2643,z:10
Data >> x:16.4978,y:30.2643,z:10
Data >> x:20.7623,y:27.6537,z:10
Data >> x:16.838,y:30.7777,z:10
Data >> x:16.838,y:30.7777,z:10
Data >> x:20.7623,y:27.6537,z:10
Data >> x:21.0061,y:28.0081,z:10
Data >> x:16.838,y:30.7777,z:10
Data >> x:21.0061,y:28.0081,z:10
Data >> x:17.2092,y:31.2692,z:10
Data >> x:17.2092,y:31.2692,z:10
Data >> x:21.0061,y:28.0081,z:10
Data >> x:21.2795,y:28.3403,z:10
Data >> x:17.2092,y:31.2692,z:10
Data >> x:21.2795,y:28.3403,z:10
Data >> x:17.6099,y:31.737,z:10
Data >> x:17.6099,y:31.737,z:10
Data >> x:21.2795,y:28.3403,z:10
Data >> x:18.0387,y:32.1791,z:10
Data >> x:18.0387,y:32.1791,z:10
Data >> x:21.2795,y:28.3403,z:10
Data >> x:21.5804,y:28.6478,z:10
Data >> x:18.0387,y:32.1791,z:10
Data >> x:21.5804,y:28.6478,z:10
Data >> x:18.4938,y:32.594,z:10
Data >> x:18.4938,y:32.594,z:10
Data >> x:21.5804,y:28.6478,z:10
Data >> x:21.9066,y:28.9282,z:10
Data >> x:18.4938,y:32.594,z:10
Data >> x:21.9066,y:28.9282,z:10
Data >> x:18.9737,y:32.9802,z:10
Data >> x:18.9737,y:32.9802,z:10
Data >> x:21.9066,y:28.9282,z:10
Data >> x:22.2558,y:29.1796,z:10
Data >> x:18.9737,y:32.9802,z:10
Data >> x:22.2558,y:29.1796,z:10
Data >> x:19.4764,y:33.336,z:10
Data >> x:19.4764,y:33.336,z:10
Data >> x:22.2558,y:29.1796,z:10
Data >> x:20,y:33.6603,z:10
Data >> x:20,y:33.6603,z:10
Data >> x:22.2558,y:29.1796,z:10
Data >> x:22.6252,y:29.4001,z:10
Data >> x:20,y:33.6603,z:10
Data >> x:22.6252,y:29.4001,z:10
Data >> x:20.5426,y:33.9516,z:10
Data >> x:20.5426,y:33.9516,z:10
Data >> x:22.6252,y:29.4001,z:10
Data >> x:23.0123,y:29.5879,z:10
Data >> x:20.5426,y:33.9516,z:10
Data >> x:23.0123,y:29.5879,z:10
Data >> x:21.1021,y:34.2091,z:10
Data >> x:21.1021,y:34.2091,z:10
Data >> x:23.0123,y:29.5879,z:10
Data >> x:21.6765,y:34.4315,z:10
Data >> x:21.6765,y:34.4315,z:10
Data >> x:23.0123,y:29.5879,z:10
Data >> x:23.414,y:29.7418,z:10
Data >> x:21.6765,y:34.4315,z:10
Data >> x:23.414,y:29.7418,z:10
Data >> x:22.2634,y:34.6183,z:10
Data >> x:22.2634,y:34.6183,z:10
Data >> x:23.414,y:29.7418,z:10
Data >> x:23.8275,y:29.8606,z:10
Data >> x:22.2634,y:34.6183,z:10
Data >> x:23.8275,y:29.8606,z:10
Data >> x:22.8607,y:34.7685,z:10
Data >> x:22.8607,y:34.7685,z:10
Data >> x:23.8275,y:29.8606,z:10
Data >> x:24.2497,y:29.9434,z:10
Data >> x:22.8607,y:34.7685,z:10
Data >> x:24.2497,y:29.9434,z:10
Data >> x:23.4661,y:34.8817,z:10
Data >> x:23.4661,y:34.8817,z:10
Data >> x:24.2497,y:29.9434,z:10
Data >> x:24.0773,y:34.9573,z:10
Data >> x:24.0773,y:34.9573,z:10
Data >> x:24.2497,y:29.9434,z:10
Data >> x:24.6775,y:29.9896,z:10
Data >> x:24.0773,y:34.9573,z:10
Data >> x:24.6775,y:29.9896,z:10
Data >> x:24.692,y:34.9953,z:10
Data >> x:24.692,y:34.9953,z:10
Data >> x:24.6775,y:29.9896,z:10
Data >> x:25.1076,y:29.9988,z:10
Data >> x:24.692,y:34.9953,z:10
Data >> x:25.1076,y:29.9988,z:10
Data >> x:25.308,y:34.9953,z:10
Data >> x:25.308,y:34.9953,z:10
Data >> x:25.1076,y:29.9988,z:10
Data >> x:25.9227,y:34.9573,z:10
Data >> x:25.9227,y:34.9573,z:10
Data >> x:25.1076,y:29.9988,z:10
Data >> x:25.5369,y:29.9711,z:10
Data >> x:25.9227,y:34.9573,z:10
Data >> x:25.5369,y:29.9711,z:10
Data >> x:26.5339,y:34.8817,z:10
Data >> x:26.5339,y:34.8817,z:10
Data >> x:25.5369,y:29.9711,z:10
Data >> x:25.9623,y:29.9065,z:10
Data >> x:26.5339,y:34.8817,z:10
Data >> x:25.9623,y:29.9065,z:10
Data >> x:27.1393,y:34.7685,z:10
Data >> x:27.1393,y:34.7685,z:10
Data >> x:25.9623,y:29.9065,z:10
Data >> x:26.3805,y:29.8056,z:10
Data >> x:27.1393,y:34.7685,z:10
Data >> x:26.3805,y:29.8056,z:10
Data >> x:27.7366,y:34.6183,z:10
Data >> x:27.7366,y:34.6183,z:10
Data >> x:26.3805,y:29.8056,z:10
Data >> x:28.3235,y:34.4315,z:10
Data >> x:28.3235,y:34.4315,z:10
Data >> x:26.3805,y:29.8056,z:10
Data >> x:26.7885,y:29.6692,z:10
Data >> x:28.3235,y:34.4315,z:10
Data >> x:26.7885,y:29.6692,z:10
Data >> x:28.8979,y:34.2091,z:10
Data >> x:28.8979,y:34.2091,z:10
Data >> x:26.7885,y:29.6692,z:10
Data >> x:27.1833,y:29.4982,z:10
Data >> x:28.8979,y:34.2091,z:10
Data >> x:27.1833,y:29.4982,z:10
Data >> x:29.4574,y:33.9516,z:10
Data >> x:29.4574,y:33.9516,z:10
Data >> x:27.1833,y:29.4982,z:10
Data >> x:30,y:33.6603,z:10
Data >> x:30,y:33.6603,z:10
Data >> x:27.1833,y:29.4982,z:10
Data >> x:27.5619,y:29.2938,z:10
Data >> x:30,y:33.6603,z:10
Data >> x:27.5619,y:29.2938,z:10
Data >> x:30.5236,y:33.336,z:10
Data >> x:30.5236,y:33.336,z:10
Data >> x:27.5619,y:29.2938,z:10
Data >> x:27.9215,y:29.0577,z:10
Data >> x:30.5236,y:33.336,z:10
Data >> x:27.9215,y:29.0577,z:10
Data >> x:31.0263,y:32.9802,z:10
Data >> x:31.0263,y:32.9802,z:10
Data >> x:27.9215,y:29.0577,z:10
Data >> x:28.2595,y:28.7915,z:10
Data >> x:31.0263,y:32.9802,z:10
Data >> x:28.2595,y:28.7915,z:10
Data >> x:31.5062,y:32.594,z:10
Data >> x:31.5062,y:32.594,z:10
Data >> x:28.2595,y:28.7915,z:10
Data >> x:31.9613,y:32.1791,z:10
Data >> x:31.9613,y:32.1791,z:10
Data >> x:28.2595,y:28.7915,z:10
Data >> x:28.5734,y:28.4973,z:10
Data >> x:31.9613,y:32.1791,z:10
Data >> x:28.5734,y:28.4973,z:10
Data >> x:32.3901,y:31.737,z:10
Data >> x:32.3901,y:31.737,z:10
Data >> x:28.5734,y:28.4973,z:10
Data >> x:28.8608,y:28.1772,z:10
Data >> x:32.3901,y:31.737,z:10
Data >> x:28.8608,y:28.1772,z:10
Data >> x:32.7908,y:31.2692,z:10
Data >> x:32.7908,y:31.2692,z:10
Data >> x:28.8608,y:28.1772,z:10
Data >> x:33.162,y:30.7777,z:10
Data >> x:33.162,y:30.7777,z:10
Data >> x:28.8608,y:28.1772,z:10
Data >> x:29.1196,y:27.8335,z:10
Data >> x:33.162,y:30.7777,z:10
Data >> x:29.1196,y:27.8335,z:10
Data >> x:33.5022,y:30.2643,z:10
Data >> x:33.5022,y:30.2643,z:10
Data >> x:29.1196,y:27.8335,z:10
Data >> x:29.3479,y:27.4689,z:10
Data >> x:33.5022,y:30.2643,z:10
Data >> x:29.3479,y:27.4689,z:10
Data >> x:33.8101,y:29.7309,z:10
Data >> x:33.8101,y:29.7309,z:10
Data >> x:29.3479,y:27.4689,z:10
Data >> x:29.5441,y:27.086,z:10
Data >> x:33.8101,y:29.7309,z:10
Data >> x:29.5441,y:27.086,z:10
Data >> x:34.0847,y:29.1796,z:10
Data >> x:34.0847,y:29.1796,z:10
Data >> x:29.5441,y:27.086,z:10
Data >> x:34.3247,y:28.6124,z:10
Data >> x:34.3247,y:28.6124,z:10
Data >> x:29.5441,y:27.086,z:10
Data >> x:29.7066,y:26.6876,z:10
Data >> x:34.3247,y:28.6124,z:10
Data >> x:29.7066,y:26.6876,z:10
Data >> x:34.5294,y:28.0315,z:10
Data >> x:34.5294,y:28.0315,z:10
Data >> x:29.7066,y:26.6876,z:10
Data >> x:29.8342,y:26.2768,z:10
Data >> x:34.5294,y:28.0315,z:10
Data >> x:29.8342,y:26.2768,z:10
Data >> x:34.698,y:27.4391,z:10
Data >> x:34.698,y:27.4391,z:10
Data >> x:29.8342,y:26.2768,z:10
Data >> x:34.8297,y:26.8375,z:10
Data >> x:34.8297,y:26.8375,z:10
Data >> x:29.8342,y:26.2768,z:10
Data >> x:29.9261,y:25.8565,z:10
Data >> x:34.8297,y:26.8375,z:10
Data >> x:29.9261,y:25.8565,z:10
Data >> x:34.9242,y:26.2289,z:10
Data >> x:34.9242,y:26.2289,z:10
Data >> x:29.9261,y:25.8565,z:10
Data >> x:29.9815,y:25.4298,z:10
Data >> x:34.9242,y:26.2289,z:10
Data >> x:29.9815,y:25.4298,z:10
Data >> x:34.981,y:25.6156,z:10
Data >> x:34.981,y:25.6156,z:10
Data >> x:29.9815,y:25.4298,z:10
Data >> x:30,y:25,z:10
Data >> x:29.9815,y:25.4298,z:0
Data >> x:34.981,y:25.6156,z:0
Data >> x:30,y:25,z:0
Data >> x:30,y:25,z:0
Data >> x:34.981,y:25.6156,z:0
Data >> x:35,y:25,z:0
Data >> x:30,y:25,z:0
Data >> x:35,y:25,z:0
Data >> x:34.981,y:24.3844,z:0
Data >> x:34.981,y:25.6156,z:0
Data >> x:29.9815,y:25.4298,z:0
Data >> x:34.9242,y:26.2289,z:0
Data >> x:34.9242,y:26.2289,z:0
Data >> x:29.9815,y:25.4298,z:0
Data >> x:29.9261,y:25.8565,z:0
Data >> x:34.9242,y:26.2289,z:0
Data >> x:29.9261,y:25.8565,z:0
Data >> x:34.8297,y:26.8375,z:0
Data >> x:34.8297,y:26.8375,z:0
Data >> x:29.9261,y:25.8565,z:0
Data >> x:29.8342,y:26.2768,z:0
Data >> x:34.8297,y:26.8375,z:0
Data >> x:29.8342,y:26.2768,z:0
Data >> x:34.698,y:27.4391,z:0
Data >> x:34.698,y:27.4391,z:0
Data >> x:29.8342,y:26.2768,z:0
Data >> x:34.5294,y:28.0315,z:0
Data >> x:34.5294,y:28.0315,z:0
Data >> x:29.8342,y:26.2768,z:0
Data >> x:29.7066,y:26.6876,z:0
Data >> x:34.5294,y:28.0315,z:0
Data >> x:29.7066,y:26.6876,z:0
Data >> x:34.3247,y:28.6124,z:0
Data >> x:34.3247,y:28.6124,z:0
Data >> x:29.7066,y:26.6876,z:0
Data >> x:29.5441,y:27.086,z:0
Data >> x:34.3247,y:28.6124,z:0
Data >> x:29.5441,y:27.086,z:0
Data >> x:34.0847,y:29.1796,z:0
Data >> x:34.0847,y:29.1796,z:0
Data >> x:29.5441,y:27.086,z:0
Data >> x:33.8101,y:29.7309,z:0
Data >> x:33.8101,y:29.7309,z:0
Data >> x:29.5441,y:27.086,z:0
Data >> x:29.3479,y:27.4689,z:0
Data >> x:33.8101,y:29.7309,z:0
Data >> x:29.3479,y:27.4689,z:0
Data >> x:33.5022,y:30.2643,z:0
Data >> x:33.5022,y:30.2643,z:0
Data >> x:29.3479,y:27.4689,z:0
Data >> x:29.1196,y:27.8335,z:0
Data >> x:33.5022,y:30.2643,z:0
Data >> x:29.1196,y:27.8335,z:0
Data >> x:33.162,y:30.7777,z:0
Data >> x:33.162,y:30.7777,z:0
Data >> x:29.1196,y:27.8335,z:0
Data >> x:28.8608,y:28.1772,z:0
Data >> x:33.162,y:30.7777,z:0
Data >> x:28.8608,y:28.1772,z:0
Data >> x:32.7908,y:31.2692,z:0
Data >> x:32.7908,y:31.2692,z:0
Data >> x:28.8608,y:28.1772,z:0
Data >> x:32.3901,y:31.737,z:0
Data >> x:32.3901,y:31.737,z:0
Data >> x:28.8608,y:28.1772,z:0
Data >> x:28.5734,y:28.4973,z:0
Data >> x:32.3901,y:31.737,z:0
Data >> x:28.5734,y:28.4973,z:0
Data >> x:31.9613,y:32.1791,z:0
Data >> x:31.9613,y:32.1791,z:0
Data >> x:28.5734,y:28.4973,z:0
Data >> x:28.2595,y:28.7915,z:0
Data >> x:31.9613,y:32.1791,z:0
Data >> x:28.2595,y:28.7915,z:0
Data >> x:31.5062,y:32.594,z:0
Data >> x:31.5062,y:32.594,z:0
Data >> x:28.2595,y:28.7915,z:0
Data >> x:31.0263,y:32.9802,z:0
Data >> x:31.0263,y:32.9802,z:0
Data >> x:28.2595,y:28.7915,z:0
Data >> x:27.9215,y:29.0577,z:0
Data >> x:31.0263,y:32.9802,z:0
Data >> x:27.9215,y:29.0577,z:0
Data >> x:30.5236,y:33.336,z:0
Data >> x:30.5236,y:33.336,z:0
Data >> x:27.9215,y:29.0577,z:0
Data >> x:27.5619,y:29.2938,z:0
Data >> x:30.5236,y:33.336,z:0
Data >> x:27.5619,y:29.2938,z:0
Data >> x:30,y:33.6603,z:0
Data >> x:30,y:33.6603,z:0
Data >> x:27.5619,y:29.2938,z:0
Data >> x:27.1833,y:29.4982,z:0
Data >> x:30,y:33.6603,z:0
Data >> x:27.1833,y:29.4982,z:0
Data >> x:29.4574,y:33.9516,z:0
Data >> x:29.4574,y:33.9516,z:0
Data >> x:27.1833,y:29.4982,z:0
Data >> x:28.8979,y:34.2091,z:0
Data >> x:28.8979,y:34.2091,z:0
Data >> x:27.1833,y:29.4982,z:0
Data >> x:26.7885,y:29.6692,z:0
Data >> x:28.8979,y:34.2091,z:0
Data >> x:26.7885,y:29.6692,z:0
Data >> x:28.3235,y:34.4315,z:0
Data >> x:28.3235,y:34.4315,z:0
Data >> x:26.7885,y:29.6692,z:0
Data >> x:26.3805,y:29.8056,z:0
Data >> x:28.3235,y:34.4315,z:0
Data >> x:26.3805,y:29.8056,z:0
Data >> x:27.7366,y:34.6183,z:0
Data >> x:27.7366,y:34.6183,z:0
Data >> x:26.3805,y:29.8056,z:0
Data >> x:27.1393,y:34.7685,z:0
Data >> x:27.1393,y:34.7685,z:0
Data >> x:26.3805,y:29.8056,z:0
Data >> x:25.9623,y:29.9065,z:0
Data >> x:27.1393,y:34.7685,z:0
Data >> x:25.9623,y:29.9065,z:0
Data >> x:26.5339,y:34.8817,z:0
Data >> x:26.5339,y:34.8817,z:0
Data >> x:25.9623,y:29.9065,z:0
Data >> x:25.5369,y:29.9711,z:0
Data >> x:26.5339,y:34.8817,z:0
Data >> x:25.5369,y:29.9711,z:0
Data >> x:25.9227,y:34.9573,z:0
Data >> x:25.9227,y:34.9573,z:0
Data >> x:25.5369,y:29.9711,z:0
Data >> x:25.1076,y:29.9988,z:0
Data >> x:25.9227,y:34.9573,z:0
Data >> x:25.1076,y:29.9988,z:0
Data >> x:25.308,y:34.9953,z:0
Data >> x:25.308,y:34.9953,z:0
Data >> x:25.1076,y:29.9988,z:0
Data >> x:24.692,y:34.9953,z:0
Data >> x:24.692,y:34.9953,z:0
Data >> x:25.1076,y:29.9988,z:0
Data >> x:24.6775,y:29.9896,z:0
Data >> x:24.692,y:34.9953,z:0
Data >> x:24.6775,y:29.9896,z:0
Data >> x:24.0773,y:34.9573,z:0
Data >> x:24.0773,y:34.9573,z:0
Data >> x:24.6775,y:29.9896,z:0
Data >> x:24.2497,y:29.9434,z:0
Data >> x:24.0773,y:34.9573,z:0
Data >> x:24.2497,y:29.9434,z:0
Data >> x:23.4661,y:34.8817,z:0
Data >> x:23.4661,y:34.8817,z:0
Data >> x:24.2497,y:29.9434,z:0
Data >> x:22.8607,y:34.7685,z:0
Data >> x:22.8607,y:34.7685,z:0
Data >> x:24.2497,y:29.9434,z:0
Data >> x:23.8275,y:29.8606,z:0
Data >> x:22.8607,y:34.7685,z:0
Data >> x:23.8275,y:29.8606,z:0
Data >> x:22.2634,y:34.6183,z:0
Data >> x:22.2634,y:34.6183,z:0
Data >> x:23.8275,y:29.8606,z:0
Data >> x:23.414,y:29.7418,z:0
Data >> x:22.2634,y:34.6183,z:0
Data >> x:23.414,y:29.7418,z:0
Data >> x:21.6765,y:34.4315,z:0
Data >> x:21.6765,y:34.4315,z:0
Data >> x:23.414,y:29.7418,z:0
Data >> x:23.0123,y:29.5879,z:0
Data >> x:21.6765,y:34.4315,z:0
Data >> x:23.0123,y:29.5879,z:0
Data >> x:21.1021,y:34.2091,z:0
Data >> x:21.1021,y:34.2091,z:0
Data >> x:23.0123,y:29.5879,z:0
Data >> x:20.5426,y:33.9516,z:0
Data >> x:20.5426,y:33.9516,z:0
Data >> x:23.0123,y:29.5879,z:0
Data >> x:22.6252,y:29.4001,z:0
Data >> x:20.5426,y:33.9516,z:0
Data >> x:22.6252,y:29.4001,z:0
Data >> x:20,y:33.6603,z:0
Data >> x:20,y:33.6603,z:0
Data >> x:22.6252,y:29.4001,z:0
Data >> x:22.2558,y:29.1796,z:0
Data >> x:20,y:33.6603,z:0
Data >> x:22.2558,y:29.1796,z:0
Data >> x:19.4764,y:33.336,z:0
Data >> x:19.4764,y:33.336,z:0
Data >> x:22.2558,y:29.1796,z:0
Data >> x:18.9737,y:32.9802,z:0
Data >> x:18.9737,y:32.9802,z:0
Data >> x:22.2558,y:29.1796,z:0
Data >> x:21.9066,y:28.9282,z:0
Data >> x:18.9737,y:32.9802,z:0
Data >> x:21.9066,y:28.9282,z:0
Data >> x:18.4938,y:32.594,z:0
Data >> x:18.4938,y:32.594,z:0
Data >> x:21.9066,y:28.9282,z:0
Data >> x:21.5804,y:28.6478,z:0
Data >> x:18.4938,y:32.594,z:0
Data >> x:21.5804,y:28.6478,z:0
Data >> x:18.0387,y:32.1791,z:0
Data >> x:18.0387,y:32.1791,z:0
Data >> x:21.5804,y:28.6478,z:0
Data >> x:21.2795,y:28.3403,z:0
Data >> x:18.0387,y:32.1791,z:0
Data >> x:21.2795,y:28.3403,z:0
Data >> x:17.6099,y:31.737,z:0
Data >> x:17.6099,y:31.737,z:0
Data >> x:21.2795,y:28.3403,z:0
Data >> x:17.2092,y:31.2692,z:0
Data >> x:17.2092,y:31.2692,z:0
Data >> x:21.2795,y:28.3403,z:0
Data >> x:21.0061,y:28.0081,z:0
Data >> x:17.2092,y:31.2692,z:0
Data >> x:21.0061,y:28.0081,z:0
Data >> x:16.838,y:30.7777,z:0
Data >> x:16.838,y:30.7777,z:0
Data >> x:21.0061,y:28.0081,z:0
Data >> x:20.7623,y:27.6537,z:0
Data >> x:16.838,y:30.7777,z:0
Data >> x:20.7623,y:27.6537,z:0
Data >> x:16.4978,y:30.2643,z:0
Data >> x:16.4978,y:30.2643,z:0
Data >> x:20.7623,y:27.6537,z:0
Data >> x:16.1899,y:29.7309,z:0
Data >> x:16.1899,y:29.7309,z:0
Data >> x:20.7623,y:27.6537,z:0
Data >> x:20.5499,y:27.2795,z:0
Data >> x:16.1899,y:29.7309,z:0
Data >> x:20.5499,y:27.2795,z:0
Data >> x:15.9153,y:29.1796,z:0
Data >> x:15.9153,y:29.1796,z:0
Data >> x:20.5499,y:27.2795,z:0
Data >> x:20.3704,y:26.8885,z:0
Data >> x:15.9153,y:29.1796,z:0
Data >> x:20.3704,y:26.8885,z:0
Data >> x:15.6753,y:28.6124,z:0
Data >> x:15.6753,y:28.6124,z:0
Data >> x:20.3704,y:26.8885,z:0
Data >> x:20.2252,y:26.4836,z:0
Data >> x:15.6753,y:28.6124,z:0
Data >> x:20.2252,y:26.4836,z:0
Data >> x:15.4706,y:28.0315,z:0
Data >> x:15.4706,y:28.0315,z:0
Data >> x:20.2252,y:26.4836,z:0
Data >> x:15.302,y:27.4391,z:0
Data >> x:15.302,y:27.4391,z:0
Data >> x:20.2252,y:26.4836,z:0
Data >> x:20.1153,y:26.0676,z:0
Data >> x:15.302,y:27.4391,z:0
Data >> x:20.1153,y:26.0676,z:0
Data >> x:15.1703,y:26.8375,z:0
Data >> x:15.1703,y:26.8375,z:0
Data >> x:20.1153,y:26.0676,z:0
Data >> x:20.0416,y:25.6437,z:0
Data >> x:15.1703,y:26.8375,z:0
Data >> x:20.0416,y:25.6437,z:0
Data >> x:15.0758,y:26.2289,z:0
Data >> x:15.0758,y:26.2289,z:0
Data >> x:20.0416,y:25.6437,z:0
Data >> x:15.019,y:25.6156,z:0
Data >> x:15.019,y:25.6156,z:0
Data >> x:20.0416,y:25.6437,z:0
Data >> x:20.0046,y:25.2151,z:0
Data >> x:15.019,y:25.6156,z:0
Data >> x:20.0046,y:25.2151,z:0
Data >> x:15,y:25,z:0
Data >> x:15,y:25,z:0
Data >> x:20.0046,y:25.2151,z:0
Data >> x:20.0046,y:24.7849,z:0
Data >> x:15,y:25,z:0
Data >> x:20.0046,y:24.7849,z:0
Data >> x:15.019,y:24.3844,z:0
Data >> x:15.019,y:24.3844,z:0
Data >> x:20.0046,y:24.7849,z:0
Data >> x:20.0416,y:24.3563,z:0
Data >> x:15.019,y:24.3844,z:0
Data >> x:20.0416,y:24.3563,z:0
Data >> x:15.0758,y:23.7711,z:0
Data >> x:15.0758,y:23.7711,z:0
Data >> x:20.0416,y:24.3563,z:0
Data >> x:15.1703,y:23.1625,z:0
Data >> x:15.1703,y:23.1625,z:0
Data >> x:20.0416,y:24.3563,z:0
Data >> x:20.1153,y:23.9324,z:0
Data >> x:15.1703,y:23.1625,z:0
Data >> x:20.1153,y:23.9324,z:0
Data >> x:15.302,y:22.5609,z:0
Data >> x:15.302,y:22.5609,z:0
Data >> x:20.1153,y:23.9324,z:0
Data >> x:20.2252,y:23.5164,z:0
Data >> x:15.302,y:22.5609,z:0
Data >> x:20.2252,y:23.5164,z:0
Data >> x:15.4706,y:21.9685,z:0
Data >> x:15.4706,y:21.9685,z:0
Data >> x:20.2252,y:23.5164,z:0
Data >> x:15.6753,y:21.3876,z:0
Data >> x:15.6753,y:21.3876,z:0
Data >> x:20.2252,y:23.5164,z:0
Data >> x:20.3704,y:23.1115,z:0
Data >> x:15.6753,y:21.3876,z:0
Data >> x:20.3704,y:23.1115,z:0
Data >> x:15.9153,y:20.8204,z:0
Data >> x:15.9153,y:20.8204,z:0
Data >> x:20.3704,y:23.1115,z:0
Data >> x:20.5499,y:22.7205,z:0
Data >> x:15.9153,y:20.8204,z:0
Data >> x:20.5499,y:22.7205,z:0
Data >> x:16.1899,y:20.2691,z:0
Data >> x:16.1899,y:20.2691,z:0
Data >> x:20.5499,y:22.7205,z:0
Data >> x:20.7623,y:22.3463,z:0
Data >> x:16.1899,y:20.2691,z:0
Data >> x:20.7623,y:22.3463,z:0
Data >> x:16.4978,y:19.7357,z:0
Data >> x:16.4978,y:19.7357,z:0
Data >> x:20.7623,y:22.3463,z:0
Data >> x:16.838,y:19.2223,z:0
Data >> x:16.838,y:19.2223,z:0
Data >> x:20.7623,y:22.3463,z:0
Data >> x:21.0061,y:21.9919,z:0
Data >> x:16.838,y:19.2223,z:0
Data >> x:21.0061,y:21.9919,z:0
Data >> x:17.2092,y:18.7308,z:0
Data >> x:17.2092,y:18.7308,z:0
Data >> x:21.0061,y:21.9919,z:0
Data >> x:21.2795,y:21.6597,z:0
Data >> x:17.2092,y:18.7308,z:0
Data >> x:21.2795,y:21.6597,z:0
Data >> x:17.6099,y:18.263,z:0
Data >> x:17.6099,y:18.263,z:0
Data >> x:21.2795,y:21.6597,z:0
Data >> x:18.0387,y:17.8209,z:0
Data >> x:18.0387,y:17.8209,z:0
Data >> x:21.2795,y:21.6597,z:0
Data >> x:21.5804,y:21.3522,z:0
Data >> x:18.0387,y:17.8209,z:0
Data >> x:21.5804,y:21.3522,z:0
Data >> x:18.4938,y:17.406,z:0
Data >> x:18.4938,y:17.406,z:0
Data >> x:21.5804,y:21.3522,z:0
Data >> x:21.9066,y:21.0718,z:0
Data >> x:18.4938,y:17.406,z:0
Data >> x:21.9066,y:21.0718,z:0
Data >> x:18.9737,y:17.0198,z:0
Data >> x:18.9737,y:17.0198,z:0
Data >> x:21.9066,y:21.0718,z:0
Data >> x:22.2558,y:20.8204,z:0
Data >> x:18.9737,y:17.0198,z:0
Data >> x:22.2558,y:20.8204,z:0
Data >> x:19.4764,y:16.664,z:0
Data >> x:19.4764,y:16.664,z:0
Data >> x:22.2558,y:20.8204,z:0
Data >> x:20,y:16.3397,z:0
Data >> x:20,y:16.3397,z:0
Data >> x:22.2558,y:20.8204,z:0
Data >> x:22.6252,y:20.5999,z:0
Data >> x:20,y:16.3397,z:0
Data >> x:22.6252,y:20.5999,z:0
Data >> x:20.5426,y:16.0484,z:0
Data >> x:20.5426,y:16.0484,z:0
Data >> x:22.6252,y:20.5999,z:0
Data >> x:23.0123,y:20.4121,z:0
Data >> x:20.5426,y:16.0484,z:0
Data >> x:23.0123,y:20.4121,z:0
Data >> x:21.1021,y:15.7909,z:0
Data >> x:21.1021,y:15.7909,z:0
Data >> x:23.0123,y:20.4121,z:0
Data >> x:21.6765,y:15.5685,z:0
Data >> x:21.6765,y:15.5685,z:0
Data >> x:23.0123,y:20.4121,z:0
Data >> x:23.414,y:20.2582,z:0
Data >> x:21.6765,y:15.5685,z:0
Data >> x:23.414,y:20.2582,z:0
Data >> x:22.2634,y:15.3817,z:0
Data >> x:22.2634,y:15.3817,z:0
Data >> x:23.414,y:20.2582,z:0
Data >> x:23.8275,y:20.1394,z:0
Data >> x:22.2634,y:15.3817,z:0
Data >> x:23.8275,y:20.1394,z:0
Data >> x:22.8607,y:15.2315,z:0
Data >> x:22.8607,y:15.2315,z:0
Data >> x:23.8275,y:20.1394,z:0
Data >> x:24.2497,y:20.0566,z:0
Data >> x:22.8607,y:15.2315,z:0
Data >> x:24.2497,y:20.0566,z:0
Data >> x:23.4661,y:15.1183,z:0
Data >> x:23.4661,y:15.1183,z:0
Data >> x:24.2497,y:20.0566,z:0
Data >> x:24.0773,y:15.0427,z:0
Data >> x:24.0773,y:15.0427,z:0
Data >> x:24.2497,y:20.0566,z:0
Data >> x:24.6775,y:20.0104,z:0
Data >> x:24.0773,y:15.0427,z:0
Data >> x:24.6775,y:20.0104,z:0
Data >> x:24.692,y:15.0047,z:0
Data >> x:24.692,y:15.0047,z:0
Data >> x:24.6775,y:20.0104,z:0
Data >> x:25.1076,y:20.0012,z:0
Data >> x:24.692,y:15.0047,z:0
Data >> x:25.1076,y:20.0012,z:0
Data >> x:25.308,y:15.0047,z:0
Data >> x:25.308,y:15.0047,z:0
Data >> x:25.1076,y:20.0012,z:0
Data >> x:25.9227,y:15.0427,z:0
Data >> x:25.9227,y:15.0427,z:0
Data >> x:25.1076,y:20.0012,z:0
Data >> x:25.5369,y:20.0289,z:0
Data >> x:25.9227,y:15.0427,z:0
Data >> x:25.5369,y:20.0289,z:0
Data >> x:26.5339,y:15.1183,z:0
Data >> x:26.5339,y:15.1183,z:0
Data >> x:25.5369,y:20.0289,z:0
Data >> x:25.9623,y:20.0935,z:0
Data >> x:26.5339,y:15.1183,z:0
Data >> x:25.9623,y:20.0935,z:0
Data >> x:27.1393,y:15.2315,z:0
Data >> x:27.1393,y:15.2315,z:0
Data >> x:25.9623,y:20.0935,z:0
Data >> x:26.3805,y:20.1944,z:0
Data >> x:27.1393,y:15.2315,z:0
Data >> x:26.3805,y:20.1944,z:0
Data >> x:27.7366,y:15.3817,z:0
Data >> x:27.7366,y:15.3817,z:0
Data >> x:26.3805,y:20.1944,z:0
Data >> x:28.3235,y:15.5685,z:0
Data >> x:28.3235,y:15.5685,z:0
Data >> x:26.3805,y:20.1944,z:0
Data >> x:28.8979,y:15.7909,z:0
Data >> x:28.8979,y:15.7909,z:0
Data >> x:26.3805,y:20.1944,z:0
Data >> x:26.7885,y:20.3308,z:0
Data >> x:28.8979,y:15.7909,z:0
Data >> x:26.7885,y:20.3308,z:0
Data >> x:29.4574,y:16.0484,z:0
Data >> x:29.4574,y:16.0484,z:0
Data >> x:26.7885,y:20.3308,z:0
Data >> x:30,y:16.3397,z:0
Data >> x:30,y:16.3397,z:0
Data >> x:26.7885,y:20.3308,z:0
Data >> x:30.5236,y:16.664,z:0
Data >> x:30.5236,y:16.664,z:0
Data >> x:26.7885,y:20.3308,z:0
Data >> x:31.0263,y:17.0198,z:0
Data >> x:31.0263,y:17.0198,z:0
Data >> x:26.7885,y:20.3308,z:0
Data >> x:31.5062,y:17.406,z:0
Data >> x:31.5062,y:17.406,z:0
Data >> x:26.7885,y:20.3308,z:0
Data >> x:31.9613,y:17.8209,z:0
Data >> x:31.9613,y:17.8209,z:0
Data >> x:26.7885,y:20.3308,z:0
Data >> x:27.1833,y:20.5018,z:0
Data >> x:31.9613,y:17.8209,z:0
Data >> x:27.1833,y:20.5018,z:0
Data >> x:27.5619,y:20.7062,z:0
Data >> x:27.5619,y:20.7062,z:0
Data >> x:27.9215,y:20.9423,z:0
Data >> x:31.9613,y:17.8209,z:0
Data >> x:31.9613,y:17.8209,z:0
Data >> x:27.9215,y:20.9423,z:0
Data >> x:28.2595,y:21.2085,z:0
Data >> x:31.9613,y:17.8209,z:0
Data >> x:28.2595,y:21.2085,z:0
Data >> x:28.5734,y:21.5027,z:0
Data >> x:31.9613,y:17.8209,z:0
Data >> x:28.5734,y:21.5027,z:0
Data >> x:32.3901,y:18.263,z:0
Data >> x:32.3901,y:18.263,z:0
Data >> x:28.5734,y:21.5027,z:0
Data >> x:28.8608,y:21.8228,z:0
Data >> x:32.3901,y:18.263,z:0
Data >> x:28.8608,y:21.8228,z:0
Data >> x:32.7908,y:18.7308,z:0
Data >> x:32.7908,y:18.7308,z:0
Data >> x:28.8608,y:21.8228,z:0
Data >> x:33.162,y:19.2223,z:0
Data >> x:33.162,y:19.2223,z:0
Data >> x:28.8608,y:21.8228,z:0
Data >> x:29.1196,y:22.1665,z:0
Data >> x:33.162,y:19.2223,z:0
Data >> x:29.1196,y:22.1665,z:0
Data >> x:33.5022,y:19.7357,z:0
Data >> x:33.5022,y:19.7357,z:0
Data >> x:29.1196,y:22.1665,z:0
Data >> x:29.3479,y:22.5311,z:0
Data >> x:33.5022,y:19.7357,z:0
Data >> x:29.3479,y:22.5311,z:0
Data >> x:33.8101,y:20.2691,z:0
Data >> x:33.8101,y:20.2691,z:0
Data >> x:29.3479,y:22.5311,z:0
Data >> x:29.5441,y:22.914,z:0
Data >> x:33.8101,y:20.2691,z:0
Data >> x:29.5441,y:22.914,z:0
Data >> x:34.0847,y:20.8204,z:0
Data >> x:34.0847,y:20.8204,z:0
Data >> x:29.5441,y:22.914,z:0
Data >> x:34.3247,y:21.3876,z:0
Data >> x:34.3247,y:21.3876,z:0
Data >> x:29.5441,y:22.914,z:0
Data >> x:29.7066,y:23.3124,z:0
Data >> x:34.3247,y:21.3876,z:0
Data >> x:29.7066,y:23.3124,z:0
Data >> x:34.5294,y:21.9685,z:0
Data >> x:34.5294,y:21.9685,z:0
Data >> x:29.7066,y:23.3124,z:0
Data >> x:29.8342,y:23.7232,z:0
Data >> x:34.5294,y:21.9685,z:0
Data >> x:29.8342,y:23.7232,z:0
Data >> x:34.698,y:22.5609,z:0
Data >> x:34.698,y:22.5609,z:0
Data >> x:29.8342,y:23.7232,z:0
Data >> x:34.8297,y:23.1625,z:0
Data >> x:34.8297,y:23.1625,z:0
Data >> x:29.8342,y:23.7232,z:0
Data >> x:29.9261,y:24.1435,z:0
Data >> x:34.8297,y:23.1625,z:0
Data >> x:29.9261,y:24.1435,z:0
Data >> x:34.9242,y:23.7711,z:0
Data >> x:34.9242,y:23.7711,z:0
Data >> x:29.9261,y:24.1435,z:0
Data >> x:29.9815,y:24.5702,z:0
Data >> x:34.9242,y:23.7711,z:0
Data >> x:29.9815,y:24.5702,z:0
Data >> x:34.981,y:24.3844,z:0
Data >> x:34.981,y:24.3844,z:0
Data >> x:29.9815,y:24.5702,z:0
Data >> x:30,y:25,z:0
